2025-06-05T12:04:02.214353Z  INFO tailwindcss_oxide::scanner: Provided sources:
2025-06-05T12:04:02.214422Z  INFO tailwindcss_oxide::scanner: Source: PublicSourceEntry { base: "D:\\BOOLA\\Thryvo\\SourceCode\\thryvo-website", pattern: "**/*", negated: false }
2025-06-05T12:04:02.214553Z  INFO tailwindcss_oxide::scanner: Optimized sources:
2025-06-05T12:04:02.214570Z  INFO tailwindcss_oxide::scanner: Source: Auto { base: "D:\\BOOLA\\Thryvo\\SourceCode\\thryvo-website" }
2025-06-05T12:04:02.215858Z  INFO scan_sources: tailwindcss_oxide::scanner: enter
2025-06-05T12:04:02.217151Z  INFO scan_sources: tailwindcss_oxide::scanner: Discovering "D:\\BOOLA\\Thryvo\\SourceCode\\thryvo-website\\.github"
2025-06-05T12:04:02.217353Z  INFO scan_sources: tailwindcss_oxide::scanner: Discovering "D:\\BOOLA\\Thryvo\\SourceCode\\thryvo-website\\.github\\workflows"
2025-06-05T12:04:02.217906Z  INFO scan_sources: tailwindcss_oxide::scanner: Discovering "D:\\BOOLA\\Thryvo\\SourceCode\\thryvo-website\\.github\\workflows\\deploy.yml"
2025-06-05T12:04:02.218176Z  INFO scan_sources: tailwindcss_oxide::scanner: Discovering "D:\\BOOLA\\Thryvo\\SourceCode\\thryvo-website\\eslint.config.mjs"
2025-06-05T12:04:02.218268Z  INFO scan_sources: tailwindcss_oxide::scanner: Discovering "D:\\BOOLA\\Thryvo\\SourceCode\\thryvo-website\\next.config.ts"
2025-06-05T12:04:02.218504Z  INFO scan_sources: tailwindcss_oxide::scanner: Discovering "D:\\BOOLA\\Thryvo\\SourceCode\\thryvo-website\\package.json"
2025-06-05T12:04:02.218580Z  INFO scan_sources: tailwindcss_oxide::scanner: Discovering "D:\\BOOLA\\Thryvo\\SourceCode\\thryvo-website\\postcss.config.mjs"
2025-06-05T12:04:02.218695Z  INFO scan_sources: tailwindcss_oxide::scanner: Discovering "D:\\BOOLA\\Thryvo\\SourceCode\\thryvo-website\\public"
2025-06-05T12:04:02.218843Z  INFO scan_sources: tailwindcss_oxide::scanner: Discovering "D:\\BOOLA\\Thryvo\\SourceCode\\thryvo-website\\public\\.nojekyll"
2025-06-05T12:04:02.218917Z  INFO scan_sources: tailwindcss_oxide::scanner: Discovering "D:\\BOOLA\\Thryvo\\SourceCode\\thryvo-website\\public\\CNAME"
2025-06-05T12:04:02.218992Z  INFO scan_sources: tailwindcss_oxide::scanner: Discovering "D:\\BOOLA\\Thryvo\\SourceCode\\thryvo-website\\public\\file.svg"
2025-06-05T12:04:02.219066Z  INFO scan_sources: tailwindcss_oxide::scanner: Discovering "D:\\BOOLA\\Thryvo\\SourceCode\\thryvo-website\\public\\globe.svg"
2025-06-05T12:04:02.219140Z  INFO scan_sources: tailwindcss_oxide::scanner: Discovering "D:\\BOOLA\\Thryvo\\SourceCode\\thryvo-website\\public\\next.svg"
2025-06-05T12:04:02.219214Z  INFO scan_sources: tailwindcss_oxide::scanner: Discovering "D:\\BOOLA\\Thryvo\\SourceCode\\thryvo-website\\public\\robots.txt"
2025-06-05T12:04:02.219288Z  INFO scan_sources: tailwindcss_oxide::scanner: Discovering "D:\\BOOLA\\Thryvo\\SourceCode\\thryvo-website\\public\\site.webmanifest"
2025-06-05T12:04:02.219367Z  INFO scan_sources: tailwindcss_oxide::scanner: Discovering "D:\\BOOLA\\Thryvo\\SourceCode\\thryvo-website\\public\\sitemap.xml"
2025-06-05T12:04:02.219460Z  INFO scan_sources: tailwindcss_oxide::scanner: Discovering "D:\\BOOLA\\Thryvo\\SourceCode\\thryvo-website\\public\\vercel.svg"
2025-06-05T12:04:02.219535Z  INFO scan_sources: tailwindcss_oxide::scanner: Discovering "D:\\BOOLA\\Thryvo\\SourceCode\\thryvo-website\\public\\window.svg"
2025-06-05T12:04:02.219628Z  INFO scan_sources: tailwindcss_oxide::scanner: Discovering "D:\\BOOLA\\Thryvo\\SourceCode\\thryvo-website\\README.md"
2025-06-05T12:04:02.219742Z  INFO scan_sources: tailwindcss_oxide::scanner: Discovering "D:\\BOOLA\\Thryvo\\SourceCode\\thryvo-website\\src"
2025-06-05T12:04:02.219924Z  INFO scan_sources: tailwindcss_oxide::scanner: Discovering "D:\\BOOLA\\Thryvo\\SourceCode\\thryvo-website\\src\\app"
2025-06-05T12:04:02.220116Z  INFO scan_sources: tailwindcss_oxide::scanner: Discovering "D:\\BOOLA\\Thryvo\\SourceCode\\thryvo-website\\src\\app\\about"
2025-06-05T12:04:02.220257Z  INFO scan_sources: tailwindcss_oxide::scanner: Discovering "D:\\BOOLA\\Thryvo\\SourceCode\\thryvo-website\\src\\app\\about\\page.tsx"
2025-06-05T12:04:02.220391Z  INFO scan_sources: tailwindcss_oxide::scanner: Discovering "D:\\BOOLA\\Thryvo\\SourceCode\\thryvo-website\\src\\app\\blog"
2025-06-05T12:04:02.220557Z  INFO scan_sources: tailwindcss_oxide::scanner: Discovering "D:\\BOOLA\\Thryvo\\SourceCode\\thryvo-website\\src\\app\\blog\\page.tsx"
2025-06-05T12:04:02.220679Z  INFO scan_sources: tailwindcss_oxide::scanner: Discovering "D:\\BOOLA\\Thryvo\\SourceCode\\thryvo-website\\src\\app\\blog\\[slug]"
2025-06-05T12:04:02.220825Z  INFO scan_sources: tailwindcss_oxide::scanner: Discovering "D:\\BOOLA\\Thryvo\\SourceCode\\thryvo-website\\src\\app\\blog\\[slug]\\page.tsx"
2025-06-05T12:04:02.220972Z  INFO scan_sources: tailwindcss_oxide::scanner: Discovering "D:\\BOOLA\\Thryvo\\SourceCode\\thryvo-website\\src\\app\\colleges"
2025-06-05T12:04:02.221112Z  INFO scan_sources: tailwindcss_oxide::scanner: Discovering "D:\\BOOLA\\Thryvo\\SourceCode\\thryvo-website\\src\\app\\colleges\\page.tsx"
2025-06-05T12:04:02.221241Z  INFO scan_sources: tailwindcss_oxide::scanner: Discovering "D:\\BOOLA\\Thryvo\\SourceCode\\thryvo-website\\src\\app\\contact"
2025-06-05T12:04:02.221379Z  INFO scan_sources: tailwindcss_oxide::scanner: Discovering "D:\\BOOLA\\Thryvo\\SourceCode\\thryvo-website\\src\\app\\contact\\page.tsx"
2025-06-05T12:04:02.221512Z  INFO scan_sources: tailwindcss_oxide::scanner: Discovering "D:\\BOOLA\\Thryvo\\SourceCode\\thryvo-website\\src\\app\\employers"
2025-06-05T12:04:02.221651Z  INFO scan_sources: tailwindcss_oxide::scanner: Discovering "D:\\BOOLA\\Thryvo\\SourceCode\\thryvo-website\\src\\app\\employers\\page.tsx"
2025-06-05T12:04:02.221782Z  INFO scan_sources: tailwindcss_oxide::scanner: Discovering "D:\\BOOLA\\Thryvo\\SourceCode\\thryvo-website\\src\\app\\faq"
2025-06-05T12:04:02.221921Z  INFO scan_sources: tailwindcss_oxide::scanner: Discovering "D:\\BOOLA\\Thryvo\\SourceCode\\thryvo-website\\src\\app\\faq\\page.tsx"
2025-06-05T12:04:02.222016Z  INFO scan_sources: tailwindcss_oxide::scanner: Discovering "D:\\BOOLA\\Thryvo\\SourceCode\\thryvo-website\\src\\app\\globals.css"
2025-06-05T12:04:02.222095Z  INFO scan_sources: tailwindcss_oxide::scanner: Discovering "D:\\BOOLA\\Thryvo\\SourceCode\\thryvo-website\\src\\app\\layout.tsx"
2025-06-05T12:04:02.222207Z  INFO scan_sources: tailwindcss_oxide::scanner: Discovering "D:\\BOOLA\\Thryvo\\SourceCode\\thryvo-website\\src\\app\\legal"
2025-06-05T12:04:02.222386Z  INFO scan_sources: tailwindcss_oxide::scanner: Discovering "D:\\BOOLA\\Thryvo\\SourceCode\\thryvo-website\\src\\app\\legal\\accessibility"
2025-06-05T12:04:02.222528Z  INFO scan_sources: tailwindcss_oxide::scanner: Discovering "D:\\BOOLA\\Thryvo\\SourceCode\\thryvo-website\\src\\app\\legal\\accessibility\\page.tsx"
2025-06-05T12:04:02.222657Z  INFO scan_sources: tailwindcss_oxide::scanner: Discovering "D:\\BOOLA\\Thryvo\\SourceCode\\thryvo-website\\src\\app\\legal\\cookie-policy"
2025-06-05T12:04:02.222797Z  INFO scan_sources: tailwindcss_oxide::scanner: Discovering "D:\\BOOLA\\Thryvo\\SourceCode\\thryvo-website\\src\\app\\legal\\cookie-policy\\page.tsx"
2025-06-05T12:04:02.222926Z  INFO scan_sources: tailwindcss_oxide::scanner: Discovering "D:\\BOOLA\\Thryvo\\SourceCode\\thryvo-website\\src\\app\\legal\\privacy-policy"
2025-06-05T12:04:02.223066Z  INFO scan_sources: tailwindcss_oxide::scanner: Discovering "D:\\BOOLA\\Thryvo\\SourceCode\\thryvo-website\\src\\app\\legal\\privacy-policy\\page.tsx"
2025-06-05T12:04:02.223195Z  INFO scan_sources: tailwindcss_oxide::scanner: Discovering "D:\\BOOLA\\Thryvo\\SourceCode\\thryvo-website\\src\\app\\legal\\security"
2025-06-05T12:04:02.223337Z  INFO scan_sources: tailwindcss_oxide::scanner: Discovering "D:\\BOOLA\\Thryvo\\SourceCode\\thryvo-website\\src\\app\\legal\\security\\page.tsx"
2025-06-05T12:04:02.223471Z  INFO scan_sources: tailwindcss_oxide::scanner: Discovering "D:\\BOOLA\\Thryvo\\SourceCode\\thryvo-website\\src\\app\\legal\\terms-and-conditions"
2025-06-05T12:04:02.223614Z  INFO scan_sources: tailwindcss_oxide::scanner: Discovering "D:\\BOOLA\\Thryvo\\SourceCode\\thryvo-website\\src\\app\\legal\\terms-and-conditions\\page.tsx"
2025-06-05T12:04:02.223742Z  INFO scan_sources: tailwindcss_oxide::scanner: Discovering "D:\\BOOLA\\Thryvo\\SourceCode\\thryvo-website\\src\\app\\page.tsx"
2025-06-05T12:04:02.223820Z  INFO scan_sources: tailwindcss_oxide::scanner: Discovering "D:\\BOOLA\\Thryvo\\SourceCode\\thryvo-website\\src\\app\\page.tsx.new"
2025-06-05T12:04:02.223933Z  INFO scan_sources: tailwindcss_oxide::scanner: Discovering "D:\\BOOLA\\Thryvo\\SourceCode\\thryvo-website\\src\\app\\students"
2025-06-05T12:04:02.224072Z  INFO scan_sources: tailwindcss_oxide::scanner: Discovering "D:\\BOOLA\\Thryvo\\SourceCode\\thryvo-website\\src\\app\\students\\page.tsx"
2025-06-05T12:04:02.224214Z  INFO scan_sources: tailwindcss_oxide::scanner: Discovering "D:\\BOOLA\\Thryvo\\SourceCode\\thryvo-website\\src\\components"
2025-06-05T12:04:02.224391Z  INFO scan_sources: tailwindcss_oxide::scanner: Discovering "D:\\BOOLA\\Thryvo\\SourceCode\\thryvo-website\\src\\components\\layout"
2025-06-05T12:04:02.224538Z  INFO scan_sources: tailwindcss_oxide::scanner: Discovering "D:\\BOOLA\\Thryvo\\SourceCode\\thryvo-website\\src\\components\\layout\\Footer.tsx"
2025-06-05T12:04:02.224613Z  INFO scan_sources: tailwindcss_oxide::scanner: Discovering "D:\\BOOLA\\Thryvo\\SourceCode\\thryvo-website\\src\\components\\layout\\Header.tsx"
2025-06-05T12:04:02.224743Z  INFO scan_sources: tailwindcss_oxide::scanner: Discovering "D:\\BOOLA\\Thryvo\\SourceCode\\thryvo-website\\src\\components\\ui"
2025-06-05T12:04:02.224888Z  INFO scan_sources: tailwindcss_oxide::scanner: Discovering "D:\\BOOLA\\Thryvo\\SourceCode\\thryvo-website\\src\\components\\ui\\Button.tsx"
2025-06-05T12:04:02.224961Z  INFO scan_sources: tailwindcss_oxide::scanner: Discovering "D:\\BOOLA\\Thryvo\\SourceCode\\thryvo-website\\src\\components\\ui\\Card.tsx"
2025-06-05T12:04:02.225033Z  INFO scan_sources: tailwindcss_oxide::scanner: Discovering "D:\\BOOLA\\Thryvo\\SourceCode\\thryvo-website\\src\\components\\ui\\ContactForm.tsx"
2025-06-05T12:04:02.225105Z  INFO scan_sources: tailwindcss_oxide::scanner: Discovering "D:\\BOOLA\\Thryvo\\SourceCode\\thryvo-website\\src\\components\\ui\\Container.tsx"
2025-06-05T12:04:02.225180Z  INFO scan_sources: tailwindcss_oxide::scanner: Discovering "D:\\BOOLA\\Thryvo\\SourceCode\\thryvo-website\\src\\components\\ui\\OptimizedImage.tsx"
2025-06-05T12:04:02.225324Z  INFO scan_sources: tailwindcss_oxide::scanner: Discovering "D:\\BOOLA\\Thryvo\\SourceCode\\thryvo-website\\src\\data"
2025-06-05T12:04:02.225467Z  INFO scan_sources: tailwindcss_oxide::scanner: Discovering "D:\\BOOLA\\Thryvo\\SourceCode\\thryvo-website\\src\\data\\blogPosts.ts"
2025-06-05T12:04:02.225598Z  INFO scan_sources: tailwindcss_oxide::scanner: Discovering "D:\\BOOLA\\Thryvo\\SourceCode\\thryvo-website\\src\\lib"
2025-06-05T12:04:02.225739Z  INFO scan_sources: tailwindcss_oxide::scanner: Discovering "D:\\BOOLA\\Thryvo\\SourceCode\\thryvo-website\\src\\lib\\schema.ts"
2025-06-05T12:04:02.225813Z  INFO scan_sources: tailwindcss_oxide::scanner: Discovering "D:\\BOOLA\\Thryvo\\SourceCode\\thryvo-website\\src\\lib\\schema.tsx"
2025-06-05T12:04:02.225885Z  INFO scan_sources: tailwindcss_oxide::scanner: Discovering "D:\\BOOLA\\Thryvo\\SourceCode\\thryvo-website\\src\\lib\\utils.ts"
2025-06-05T12:04:02.225989Z  INFO scan_sources: tailwindcss_oxide::scanner: Discovering "D:\\BOOLA\\Thryvo\\SourceCode\\thryvo-website\\tailwind.config.js"
2025-06-05T12:04:02.226083Z  INFO scan_sources: tailwindcss_oxide::scanner: Discovering "D:\\BOOLA\\Thryvo\\SourceCode\\thryvo-website\\tsconfig.json"
2025-06-05T12:04:02.226182Z  INFO scan_sources: tailwindcss_oxide::scanner: exit
2025-06-05T12:04:02.226193Z  INFO extract_candidates: tailwindcss_oxide::scanner: enter
2025-06-05T12:04:02.226201Z  INFO extract_candidates:read_all_files: tailwindcss_oxide::scanner: enter
2025-06-05T12:04:02.226205Z  INFO extract_candidates:read_all_files: tailwindcss_oxide::scanner: Reading 45 file(s)
2025-06-05T12:04:02.226721Z  INFO tailwindcss_oxide::scanner: Reading "D:\\BOOLA\\Thryvo\\SourceCode\\thryvo-website\\public\\.nojekyll"
2025-06-05T12:04:02.226740Z  INFO tailwindcss_oxide::scanner: Reading "D:\\BOOLA\\Thryvo\\SourceCode\\thryvo-website\\public\\site.webmanifest"
2025-06-05T12:04:02.226758Z  INFO tailwindcss_oxide::scanner: Reading "D:\\BOOLA\\Thryvo\\SourceCode\\thryvo-website\\.github\\workflows\\deploy.yml"
2025-06-05T12:04:02.226779Z  INFO tailwindcss_oxide::scanner: Reading "D:\\BOOLA\\Thryvo\\SourceCode\\thryvo-website\\src\\app\\about\\page.tsx"
2025-06-05T12:04:02.226803Z  INFO tailwindcss_oxide::scanner: Reading "D:\\BOOLA\\Thryvo\\SourceCode\\thryvo-website\\src\\app\\faq\\page.tsx"
2025-06-05T12:04:02.226840Z  INFO tailwindcss_oxide::scanner: Reading "D:\\BOOLA\\Thryvo\\SourceCode\\thryvo-website\\public\\CNAME"
2025-06-05T12:04:02.226864Z  INFO tailwindcss_oxide::scanner: Reading "D:\\BOOLA\\Thryvo\\SourceCode\\thryvo-website\\public\\sitemap.xml"
2025-06-05T12:04:02.226874Z  INFO tailwindcss_oxide::scanner: Reading "D:\\BOOLA\\Thryvo\\SourceCode\\thryvo-website\\src\\app\\colleges\\page.tsx"
2025-06-05T12:04:02.226880Z  INFO tailwindcss_oxide::scanner: Reading "D:\\BOOLA\\Thryvo\\SourceCode\\thryvo-website\\eslint.config.mjs"
2025-06-05T12:04:02.226906Z  INFO tailwindcss_oxide::scanner: Reading "D:\\BOOLA\\Thryvo\\SourceCode\\thryvo-website\\src\\app\\blog\\page.tsx"
2025-06-05T12:04:02.226935Z  INFO tailwindcss_oxide::scanner: Reading "D:\\BOOLA\\Thryvo\\SourceCode\\thryvo-website\\public\\globe.svg"
2025-06-05T12:04:02.226942Z  INFO tailwindcss_oxide::scanner: Reading "D:\\BOOLA\\Thryvo\\SourceCode\\thryvo-website\\public\\file.svg"
2025-06-05T12:04:02.226966Z  INFO tailwindcss_oxide::scanner: Reading "D:\\BOOLA\\Thryvo\\SourceCode\\thryvo-website\\src\\app\\layout.tsx"
2025-06-05T12:04:02.226971Z  INFO tailwindcss_oxide::scanner: Reading "D:\\BOOLA\\Thryvo\\SourceCode\\thryvo-website\\public\\vercel.svg"
2025-06-05T12:04:02.226999Z  INFO tailwindcss_oxide::scanner: Reading "D:\\BOOLA\\Thryvo\\SourceCode\\thryvo-website\\public\\window.svg"
2025-06-05T12:04:02.227007Z  INFO tailwindcss_oxide::scanner: Reading "D:\\BOOLA\\Thryvo\\SourceCode\\thryvo-website\\src\\app\\contact\\page.tsx"
2025-06-05T12:04:02.227007Z  INFO tailwindcss_oxide::scanner: Reading "D:\\BOOLA\\Thryvo\\SourceCode\\thryvo-website\\src\\app\\blog\\[slug]\\page.tsx"
2025-06-05T12:04:02.227007Z  INFO tailwindcss_oxide::scanner: Reading "D:\\BOOLA\\Thryvo\\SourceCode\\thryvo-website\\next.config.ts"
2025-06-05T12:04:02.227056Z  INFO tailwindcss_oxide::scanner: Reading "D:\\BOOLA\\Thryvo\\SourceCode\\thryvo-website\\package.json"
2025-06-05T12:04:02.227063Z  INFO tailwindcss_oxide::scanner: Reading "D:\\BOOLA\\Thryvo\\SourceCode\\thryvo-website\\src\\app\\employers\\page.tsx"
2025-06-05T12:04:02.227023Z  INFO tailwindcss_oxide::scanner: Reading "D:\\BOOLA\\Thryvo\\SourceCode\\thryvo-website\\README.md"
2025-06-05T12:04:02.227109Z  INFO tailwindcss_oxide::scanner: Reading "D:\\BOOLA\\Thryvo\\SourceCode\\thryvo-website\\src\\components\\layout\\Header.tsx"
2025-06-05T12:04:02.227114Z  INFO tailwindcss_oxide::scanner: Reading "D:\\BOOLA\\Thryvo\\SourceCode\\thryvo-website\\src\\app\\legal\\security\\page.tsx"
2025-06-05T12:04:02.227121Z  INFO tailwindcss_oxide::scanner: Reading "D:\\BOOLA\\Thryvo\\SourceCode\\thryvo-website\\src\\app\\legal\\accessibility\\page.tsx"
2025-06-05T12:04:02.227128Z  INFO tailwindcss_oxide::scanner: Reading "D:\\BOOLA\\Thryvo\\SourceCode\\thryvo-website\\src\\data\\blogPosts.ts"
2025-06-05T12:04:02.227146Z  INFO tailwindcss_oxide::scanner: Reading "D:\\BOOLA\\Thryvo\\SourceCode\\thryvo-website\\src\\app\\legal\\cookie-policy\\page.tsx"
2025-06-05T12:04:02.227149Z  INFO tailwindcss_oxide::scanner: Reading "D:\\BOOLA\\Thryvo\\SourceCode\\thryvo-website\\public\\robots.txt"
2025-06-05T12:04:02.227169Z  INFO tailwindcss_oxide::scanner: Reading "D:\\BOOLA\\Thryvo\\SourceCode\\thryvo-website\\postcss.config.mjs"
2025-06-05T12:04:02.227176Z  INFO tailwindcss_oxide::scanner: Reading "D:\\BOOLA\\Thryvo\\SourceCode\\thryvo-website\\src\\app\\page.tsx.new"
2025-06-05T12:04:02.227043Z  INFO tailwindcss_oxide::scanner: Reading "D:\\BOOLA\\Thryvo\\SourceCode\\thryvo-website\\public\\next.svg"
2025-06-05T12:04:02.227253Z  INFO tailwindcss_oxide::scanner: Reading "D:\\BOOLA\\Thryvo\\SourceCode\\thryvo-website\\src\\lib\\schema.ts"
2025-06-05T12:04:02.227266Z  INFO tailwindcss_oxide::scanner: Reading "D:\\BOOLA\\Thryvo\\SourceCode\\thryvo-website\\src\\lib\\schema.tsx"
2025-06-05T12:04:02.227273Z  INFO tailwindcss_oxide::scanner: Reading "D:\\BOOLA\\Thryvo\\SourceCode\\thryvo-website\\tsconfig.json"
2025-06-05T12:04:02.227216Z  INFO tailwindcss_oxide::scanner: Reading "D:\\BOOLA\\Thryvo\\SourceCode\\thryvo-website\\src\\components\\ui\\Button.tsx"
2025-06-05T12:04:02.227227Z  INFO tailwindcss_oxide::scanner: Reading "D:\\BOOLA\\Thryvo\\SourceCode\\thryvo-website\\tailwind.config.js"
2025-06-05T12:04:02.227230Z  INFO tailwindcss_oxide::scanner: Reading "D:\\BOOLA\\Thryvo\\SourceCode\\thryvo-website\\src\\app\\legal\\terms-and-conditions\\page.tsx"
2025-06-05T12:04:02.227177Z  INFO tailwindcss_oxide::scanner: Reading "D:\\BOOLA\\Thryvo\\SourceCode\\thryvo-website\\src\\app\\legal\\privacy-policy\\page.tsx"
2025-06-05T12:04:02.227266Z  INFO tailwindcss_oxide::scanner: Reading "D:\\BOOLA\\Thryvo\\SourceCode\\thryvo-website\\src\\components\\layout\\Footer.tsx"
2025-06-05T12:04:02.227206Z  INFO tailwindcss_oxide::scanner: Reading "D:\\BOOLA\\Thryvo\\SourceCode\\thryvo-website\\src\\app\\students\\page.tsx"
2025-06-05T12:04:02.227216Z  INFO tailwindcss_oxide::scanner: Reading "D:\\BOOLA\\Thryvo\\SourceCode\\thryvo-website\\src\\lib\\utils.ts"
2025-06-05T12:04:02.227370Z  INFO tailwindcss_oxide::scanner: Reading "D:\\BOOLA\\Thryvo\\SourceCode\\thryvo-website\\src\\app\\page.tsx"
2025-06-05T12:04:02.227377Z  INFO tailwindcss_oxide::scanner: Reading "D:\\BOOLA\\Thryvo\\SourceCode\\thryvo-website\\src\\components\\ui\\Container.tsx"
2025-06-05T12:04:02.227281Z  INFO tailwindcss_oxide::scanner: Reading "D:\\BOOLA\\Thryvo\\SourceCode\\thryvo-website\\src\\components\\ui\\ContactForm.tsx"
2025-06-05T12:04:02.227374Z  INFO tailwindcss_oxide::scanner: Reading "D:\\BOOLA\\Thryvo\\SourceCode\\thryvo-website\\src\\components\\ui\\OptimizedImage.tsx"
2025-06-05T12:04:02.227368Z  INFO tailwindcss_oxide::scanner: Reading "D:\\BOOLA\\Thryvo\\SourceCode\\thryvo-website\\src\\components\\ui\\Card.tsx"
2025-06-05T12:04:02.227507Z  INFO extract_candidates:read_all_files: tailwindcss_oxide::scanner: exit
2025-06-05T12:04:02.227519Z  INFO extract_candidates:parse_all_blobs: tailwindcss_oxide::scanner: enter
2025-06-05T12:04:02.227523Z  INFO extract_candidates:parse_all_blobs:extract: tailwindcss_oxide::scanner: enter
2025-06-05T12:04:02.228997Z  INFO extract_candidates:parse_all_blobs:extract: tailwindcss_oxide::scanner: exit
2025-06-05T12:04:02.229020Z  INFO extract_candidates:parse_all_blobs: tailwindcss_oxide::scanner: exit
2025-06-05T12:04:02.229028Z  INFO extract_candidates:read_all_files: tailwindcss_oxide::scanner: enter
2025-06-05T12:04:02.229032Z  INFO extract_candidates:read_all_files: tailwindcss_oxide::scanner: Reading 1 file(s)
2025-06-05T12:04:02.229139Z  INFO extract_candidates:read_all_files: tailwindcss_oxide::scanner: Reading "D:\\BOOLA\\Thryvo\\SourceCode\\thryvo-website\\src\\app\\globals.css"
2025-06-05T12:04:02.229149Z  INFO extract_candidates:read_all_files: tailwindcss_oxide::scanner: exit
2025-06-05T12:04:02.229154Z  INFO extract_candidates:extract_css_variables: tailwindcss_oxide::scanner: enter
2025-06-05T12:04:02.229158Z  INFO extract_candidates:extract_css_variables:extract: tailwindcss_oxide::scanner: enter
2025-06-05T12:04:02.229226Z  INFO extract_candidates:extract_css_variables:extract: tailwindcss_oxide::scanner: exit
2025-06-05T12:04:02.229241Z  INFO extract_candidates:extract_css_variables: tailwindcss_oxide::scanner: exit
2025-06-05T12:04:02.229757Z  INFO extract_candidates: tailwindcss_oxide::scanner: exit
2025-06-05T12:04:02.230675Z  INFO get_files: tailwindcss_oxide::scanner: enter
2025-06-05T12:04:02.230685Z  INFO get_files:scan_sources: tailwindcss_oxide::scanner: enter
2025-06-05T12:04:02.231922Z  INFO get_files:scan_sources: tailwindcss_oxide::scanner: Discovering "D:\\BOOLA\\Thryvo\\SourceCode\\thryvo-website\\.github"
2025-06-05T12:04:02.232117Z  INFO get_files:scan_sources: tailwindcss_oxide::scanner: Discovering "D:\\BOOLA\\Thryvo\\SourceCode\\thryvo-website\\.github\\workflows"
2025-06-05T12:04:02.232891Z  INFO get_files:scan_sources: tailwindcss_oxide::scanner: Discovering "D:\\BOOLA\\Thryvo\\SourceCode\\thryvo-website\\public"
2025-06-05T12:04:02.233536Z  INFO get_files:scan_sources: tailwindcss_oxide::scanner: Discovering "D:\\BOOLA\\Thryvo\\SourceCode\\thryvo-website\\src"
2025-06-05T12:04:02.233725Z  INFO get_files:scan_sources: tailwindcss_oxide::scanner: Discovering "D:\\BOOLA\\Thryvo\\SourceCode\\thryvo-website\\src\\app"
2025-06-05T12:04:02.233911Z  INFO get_files:scan_sources: tailwindcss_oxide::scanner: Discovering "D:\\BOOLA\\Thryvo\\SourceCode\\thryvo-website\\src\\app\\about"
2025-06-05T12:04:02.234153Z  INFO get_files:scan_sources: tailwindcss_oxide::scanner: Discovering "D:\\BOOLA\\Thryvo\\SourceCode\\thryvo-website\\src\\app\\blog"
2025-06-05T12:04:02.234377Z  INFO get_files:scan_sources: tailwindcss_oxide::scanner: Discovering "D:\\BOOLA\\Thryvo\\SourceCode\\thryvo-website\\src\\app\\blog\\[slug]"
2025-06-05T12:04:02.234639Z  INFO get_files:scan_sources: tailwindcss_oxide::scanner: Discovering "D:\\BOOLA\\Thryvo\\SourceCode\\thryvo-website\\src\\app\\colleges"
2025-06-05T12:04:02.234873Z  INFO get_files:scan_sources: tailwindcss_oxide::scanner: Discovering "D:\\BOOLA\\Thryvo\\SourceCode\\thryvo-website\\src\\app\\contact"
2025-06-05T12:04:02.235106Z  INFO get_files:scan_sources: tailwindcss_oxide::scanner: Discovering "D:\\BOOLA\\Thryvo\\SourceCode\\thryvo-website\\src\\app\\employers"
2025-06-05T12:04:02.235341Z  INFO get_files:scan_sources: tailwindcss_oxide::scanner: Discovering "D:\\BOOLA\\Thryvo\\SourceCode\\thryvo-website\\src\\app\\faq"
2025-06-05T12:04:02.235659Z  INFO get_files:scan_sources: tailwindcss_oxide::scanner: Discovering "D:\\BOOLA\\Thryvo\\SourceCode\\thryvo-website\\src\\app\\legal"
2025-06-05T12:04:02.235841Z  INFO get_files:scan_sources: tailwindcss_oxide::scanner: Discovering "D:\\BOOLA\\Thryvo\\SourceCode\\thryvo-website\\src\\app\\legal\\accessibility"
2025-06-05T12:04:02.236080Z  INFO get_files:scan_sources: tailwindcss_oxide::scanner: Discovering "D:\\BOOLA\\Thryvo\\SourceCode\\thryvo-website\\src\\app\\legal\\cookie-policy"
2025-06-05T12:04:02.236315Z  INFO get_files:scan_sources: tailwindcss_oxide::scanner: Discovering "D:\\BOOLA\\Thryvo\\SourceCode\\thryvo-website\\src\\app\\legal\\privacy-policy"
2025-06-05T12:04:02.236548Z  INFO get_files:scan_sources: tailwindcss_oxide::scanner: Discovering "D:\\BOOLA\\Thryvo\\SourceCode\\thryvo-website\\src\\app\\legal\\security"
2025-06-05T12:04:02.236781Z  INFO get_files:scan_sources: tailwindcss_oxide::scanner: Discovering "D:\\BOOLA\\Thryvo\\SourceCode\\thryvo-website\\src\\app\\legal\\terms-and-conditions"
2025-06-05T12:04:02.237101Z  INFO get_files:scan_sources: tailwindcss_oxide::scanner: Discovering "D:\\BOOLA\\Thryvo\\SourceCode\\thryvo-website\\src\\app\\students"
2025-06-05T12:04:02.237351Z  INFO get_files:scan_sources: tailwindcss_oxide::scanner: Discovering "D:\\BOOLA\\Thryvo\\SourceCode\\thryvo-website\\src\\components"
2025-06-05T12:04:02.237536Z  INFO get_files:scan_sources: tailwindcss_oxide::scanner: Discovering "D:\\BOOLA\\Thryvo\\SourceCode\\thryvo-website\\src\\components\\layout"
2025-06-05T12:04:02.237810Z  INFO get_files:scan_sources: tailwindcss_oxide::scanner: Discovering "D:\\BOOLA\\Thryvo\\SourceCode\\thryvo-website\\src\\components\\ui"
2025-06-05T12:04:02.238204Z  INFO get_files:scan_sources: tailwindcss_oxide::scanner: Discovering "D:\\BOOLA\\Thryvo\\SourceCode\\thryvo-website\\src\\data"
2025-06-05T12:04:02.238436Z  INFO get_files:scan_sources: tailwindcss_oxide::scanner: Discovering "D:\\BOOLA\\Thryvo\\SourceCode\\thryvo-website\\src\\lib"
2025-06-05T12:04:02.238812Z  INFO get_files:scan_sources: tailwindcss_oxide::scanner: exit
2025-06-05T12:04:02.238869Z  INFO get_files: tailwindcss_oxide::scanner: exit
2025-06-05T12:04:02.239004Z  INFO get_globs: tailwindcss_oxide::scanner: enter
2025-06-05T12:04:02.239014Z  INFO get_globs:scan_sources: tailwindcss_oxide::scanner: enter
2025-06-05T12:04:02.240173Z  INFO get_globs:scan_sources: tailwindcss_oxide::scanner: Discovering "D:\\BOOLA\\Thryvo\\SourceCode\\thryvo-website\\.github"
2025-06-05T12:04:02.240360Z  INFO get_globs:scan_sources: tailwindcss_oxide::scanner: Discovering "D:\\BOOLA\\Thryvo\\SourceCode\\thryvo-website\\.github\\workflows"
2025-06-05T12:04:02.241101Z  INFO get_globs:scan_sources: tailwindcss_oxide::scanner: Discovering "D:\\BOOLA\\Thryvo\\SourceCode\\thryvo-website\\public"
2025-06-05T12:04:02.241728Z  INFO get_globs:scan_sources: tailwindcss_oxide::scanner: Discovering "D:\\BOOLA\\Thryvo\\SourceCode\\thryvo-website\\src"
2025-06-05T12:04:02.241910Z  INFO get_globs:scan_sources: tailwindcss_oxide::scanner: Discovering "D:\\BOOLA\\Thryvo\\SourceCode\\thryvo-website\\src\\app"
2025-06-05T12:04:02.242092Z  INFO get_globs:scan_sources: tailwindcss_oxide::scanner: Discovering "D:\\BOOLA\\Thryvo\\SourceCode\\thryvo-website\\src\\app\\about"
2025-06-05T12:04:02.242332Z  INFO get_globs:scan_sources: tailwindcss_oxide::scanner: Discovering "D:\\BOOLA\\Thryvo\\SourceCode\\thryvo-website\\src\\app\\blog"
2025-06-05T12:04:02.242549Z  INFO get_globs:scan_sources: tailwindcss_oxide::scanner: Discovering "D:\\BOOLA\\Thryvo\\SourceCode\\thryvo-website\\src\\app\\blog\\[slug]"
2025-06-05T12:04:02.242803Z  INFO get_globs:scan_sources: tailwindcss_oxide::scanner: Discovering "D:\\BOOLA\\Thryvo\\SourceCode\\thryvo-website\\src\\app\\colleges"
2025-06-05T12:04:02.243039Z  INFO get_globs:scan_sources: tailwindcss_oxide::scanner: Discovering "D:\\BOOLA\\Thryvo\\SourceCode\\thryvo-website\\src\\app\\contact"
2025-06-05T12:04:02.243272Z  INFO get_globs:scan_sources: tailwindcss_oxide::scanner: Discovering "D:\\BOOLA\\Thryvo\\SourceCode\\thryvo-website\\src\\app\\employers"
2025-06-05T12:04:02.243512Z  INFO get_globs:scan_sources: tailwindcss_oxide::scanner: Discovering "D:\\BOOLA\\Thryvo\\SourceCode\\thryvo-website\\src\\app\\faq"
2025-06-05T12:04:02.243835Z  INFO get_globs:scan_sources: tailwindcss_oxide::scanner: Discovering "D:\\BOOLA\\Thryvo\\SourceCode\\thryvo-website\\src\\app\\legal"
2025-06-05T12:04:02.244019Z  INFO get_globs:scan_sources: tailwindcss_oxide::scanner: Discovering "D:\\BOOLA\\Thryvo\\SourceCode\\thryvo-website\\src\\app\\legal\\accessibility"
2025-06-05T12:04:02.244262Z  INFO get_globs:scan_sources: tailwindcss_oxide::scanner: Discovering "D:\\BOOLA\\Thryvo\\SourceCode\\thryvo-website\\src\\app\\legal\\cookie-policy"
2025-06-05T12:04:02.244500Z  INFO get_globs:scan_sources: tailwindcss_oxide::scanner: Discovering "D:\\BOOLA\\Thryvo\\SourceCode\\thryvo-website\\src\\app\\legal\\privacy-policy"
2025-06-05T12:04:02.244737Z  INFO get_globs:scan_sources: tailwindcss_oxide::scanner: Discovering "D:\\BOOLA\\Thryvo\\SourceCode\\thryvo-website\\src\\app\\legal\\security"
2025-06-05T12:04:02.244976Z  INFO get_globs:scan_sources: tailwindcss_oxide::scanner: Discovering "D:\\BOOLA\\Thryvo\\SourceCode\\thryvo-website\\src\\app\\legal\\terms-and-conditions"
2025-06-05T12:04:02.245297Z  INFO get_globs:scan_sources: tailwindcss_oxide::scanner: Discovering "D:\\BOOLA\\Thryvo\\SourceCode\\thryvo-website\\src\\app\\students"
2025-06-05T12:04:02.245544Z  INFO get_globs:scan_sources: tailwindcss_oxide::scanner: Discovering "D:\\BOOLA\\Thryvo\\SourceCode\\thryvo-website\\src\\components"
2025-06-05T12:04:02.245721Z  INFO get_globs:scan_sources: tailwindcss_oxide::scanner: Discovering "D:\\BOOLA\\Thryvo\\SourceCode\\thryvo-website\\src\\components\\layout"
2025-06-05T12:04:02.245993Z  INFO get_globs:scan_sources: tailwindcss_oxide::scanner: Discovering "D:\\BOOLA\\Thryvo\\SourceCode\\thryvo-website\\src\\components\\ui"
2025-06-05T12:04:02.246393Z  INFO get_globs:scan_sources: tailwindcss_oxide::scanner: Discovering "D:\\BOOLA\\Thryvo\\SourceCode\\thryvo-website\\src\\data"
2025-06-05T12:04:02.246627Z  INFO get_globs:scan_sources: tailwindcss_oxide::scanner: Discovering "D:\\BOOLA\\Thryvo\\SourceCode\\thryvo-website\\src\\lib"
2025-06-05T12:04:02.247014Z  INFO get_globs:scan_sources: tailwindcss_oxide::scanner: exit
2025-06-05T12:04:02.251931Z  INFO get_globs: tailwindcss_oxide::scanner: exit
