2025-06-05T12:05:56.242598Z  INFO tailwindcss_oxide::scanner: Provided sources:
2025-06-05T12:05:56.242671Z  INFO tailwindcss_oxide::scanner: Source: PublicSourceEntry { base: "D:\\BOOLA\\Thryvo\\SourceCode\\thryvo-website", pattern: "**/*", negated: false }
2025-06-05T12:05:56.242804Z  INFO tailwindcss_oxide::scanner: Optimized sources:
2025-06-05T12:05:56.242821Z  INFO tailwindcss_oxide::scanner: Source: Auto { base: "D:\\BOOLA\\Thryvo\\SourceCode\\thryvo-website" }
2025-06-05T12:05:56.244147Z  INFO scan_sources: tailwindcss_oxide::scanner: enter
2025-06-05T12:05:56.245378Z  INFO scan_sources: tailwindcss_oxide::scanner: Discovering "D:\\BOOLA\\Thryvo\\SourceCode\\thryvo-website\\.github"
2025-06-05T12:05:56.245616Z  INFO scan_sources: tailwindcss_oxide::scanner: Discovering "D:\\BOOLA\\Thryvo\\SourceCode\\thryvo-website\\.github\\workflows"
2025-06-05T12:05:56.246171Z  INFO scan_sources: tailwindcss_oxide::scanner: Discovering "D:\\BOOLA\\Thryvo\\SourceCode\\thryvo-website\\.github\\workflows\\deploy.yml"
2025-06-05T12:05:56.246435Z  INFO scan_sources: tailwindcss_oxide::scanner: Discovering "D:\\BOOLA\\Thryvo\\SourceCode\\thryvo-website\\eslint.config.mjs"
2025-06-05T12:05:56.246522Z  INFO scan_sources: tailwindcss_oxide::scanner: Discovering "D:\\BOOLA\\Thryvo\\SourceCode\\thryvo-website\\next.config.ts"
2025-06-05T12:05:56.246756Z  INFO scan_sources: tailwindcss_oxide::scanner: Discovering "D:\\BOOLA\\Thryvo\\SourceCode\\thryvo-website\\package.json"
2025-06-05T12:05:56.246831Z  INFO scan_sources: tailwindcss_oxide::scanner: Discovering "D:\\BOOLA\\Thryvo\\SourceCode\\thryvo-website\\postcss.config.mjs"
2025-06-05T12:05:56.246946Z  INFO scan_sources: tailwindcss_oxide::scanner: Discovering "D:\\BOOLA\\Thryvo\\SourceCode\\thryvo-website\\public"
2025-06-05T12:05:56.247095Z  INFO scan_sources: tailwindcss_oxide::scanner: Discovering "D:\\BOOLA\\Thryvo\\SourceCode\\thryvo-website\\public\\.nojekyll"
2025-06-05T12:05:56.247169Z  INFO scan_sources: tailwindcss_oxide::scanner: Discovering "D:\\BOOLA\\Thryvo\\SourceCode\\thryvo-website\\public\\CNAME"
2025-06-05T12:05:56.247249Z  INFO scan_sources: tailwindcss_oxide::scanner: Discovering "D:\\BOOLA\\Thryvo\\SourceCode\\thryvo-website\\public\\file.svg"
2025-06-05T12:05:56.247322Z  INFO scan_sources: tailwindcss_oxide::scanner: Discovering "D:\\BOOLA\\Thryvo\\SourceCode\\thryvo-website\\public\\globe.svg"
2025-06-05T12:05:56.247397Z  INFO scan_sources: tailwindcss_oxide::scanner: Discovering "D:\\BOOLA\\Thryvo\\SourceCode\\thryvo-website\\public\\next.svg"
2025-06-05T12:05:56.247470Z  INFO scan_sources: tailwindcss_oxide::scanner: Discovering "D:\\BOOLA\\Thryvo\\SourceCode\\thryvo-website\\public\\robots.txt"
2025-06-05T12:05:56.247545Z  INFO scan_sources: tailwindcss_oxide::scanner: Discovering "D:\\BOOLA\\Thryvo\\SourceCode\\thryvo-website\\public\\site.webmanifest"
2025-06-05T12:05:56.247619Z  INFO scan_sources: tailwindcss_oxide::scanner: Discovering "D:\\BOOLA\\Thryvo\\SourceCode\\thryvo-website\\public\\sitemap.xml"
2025-06-05T12:05:56.247692Z  INFO scan_sources: tailwindcss_oxide::scanner: Discovering "D:\\BOOLA\\Thryvo\\SourceCode\\thryvo-website\\public\\vercel.svg"
2025-06-05T12:05:56.247768Z  INFO scan_sources: tailwindcss_oxide::scanner: Discovering "D:\\BOOLA\\Thryvo\\SourceCode\\thryvo-website\\public\\window.svg"
2025-06-05T12:05:56.247858Z  INFO scan_sources: tailwindcss_oxide::scanner: Discovering "D:\\BOOLA\\Thryvo\\SourceCode\\thryvo-website\\README.md"
2025-06-05T12:05:56.247971Z  INFO scan_sources: tailwindcss_oxide::scanner: Discovering "D:\\BOOLA\\Thryvo\\SourceCode\\thryvo-website\\src"
2025-06-05T12:05:56.248154Z  INFO scan_sources: tailwindcss_oxide::scanner: Discovering "D:\\BOOLA\\Thryvo\\SourceCode\\thryvo-website\\src\\app"
2025-06-05T12:05:56.248335Z  INFO scan_sources: tailwindcss_oxide::scanner: Discovering "D:\\BOOLA\\Thryvo\\SourceCode\\thryvo-website\\src\\app\\about"
2025-06-05T12:05:56.248477Z  INFO scan_sources: tailwindcss_oxide::scanner: Discovering "D:\\BOOLA\\Thryvo\\SourceCode\\thryvo-website\\src\\app\\about\\page.tsx"
2025-06-05T12:05:56.248614Z  INFO scan_sources: tailwindcss_oxide::scanner: Discovering "D:\\BOOLA\\Thryvo\\SourceCode\\thryvo-website\\src\\app\\blog"
2025-06-05T12:05:56.248782Z  INFO scan_sources: tailwindcss_oxide::scanner: Discovering "D:\\BOOLA\\Thryvo\\SourceCode\\thryvo-website\\src\\app\\blog\\page.tsx"
2025-06-05T12:05:56.248899Z  INFO scan_sources: tailwindcss_oxide::scanner: Discovering "D:\\BOOLA\\Thryvo\\SourceCode\\thryvo-website\\src\\app\\blog\\[slug]"
2025-06-05T12:05:56.249041Z  INFO scan_sources: tailwindcss_oxide::scanner: Discovering "D:\\BOOLA\\Thryvo\\SourceCode\\thryvo-website\\src\\app\\blog\\[slug]\\page.tsx"
2025-06-05T12:05:56.249188Z  INFO scan_sources: tailwindcss_oxide::scanner: Discovering "D:\\BOOLA\\Thryvo\\SourceCode\\thryvo-website\\src\\app\\colleges"
2025-06-05T12:05:56.249327Z  INFO scan_sources: tailwindcss_oxide::scanner: Discovering "D:\\BOOLA\\Thryvo\\SourceCode\\thryvo-website\\src\\app\\colleges\\page.tsx"
2025-06-05T12:05:56.249456Z  INFO scan_sources: tailwindcss_oxide::scanner: Discovering "D:\\BOOLA\\Thryvo\\SourceCode\\thryvo-website\\src\\app\\contact"
2025-06-05T12:05:56.249595Z  INFO scan_sources: tailwindcss_oxide::scanner: Discovering "D:\\BOOLA\\Thryvo\\SourceCode\\thryvo-website\\src\\app\\contact\\page.tsx"
2025-06-05T12:05:56.249726Z  INFO scan_sources: tailwindcss_oxide::scanner: Discovering "D:\\BOOLA\\Thryvo\\SourceCode\\thryvo-website\\src\\app\\employers"
2025-06-05T12:05:56.249865Z  INFO scan_sources: tailwindcss_oxide::scanner: Discovering "D:\\BOOLA\\Thryvo\\SourceCode\\thryvo-website\\src\\app\\employers\\page.tsx"
2025-06-05T12:05:56.249998Z  INFO scan_sources: tailwindcss_oxide::scanner: Discovering "D:\\BOOLA\\Thryvo\\SourceCode\\thryvo-website\\src\\app\\faq"
2025-06-05T12:05:56.250150Z  INFO scan_sources: tailwindcss_oxide::scanner: Discovering "D:\\BOOLA\\Thryvo\\SourceCode\\thryvo-website\\src\\app\\faq\\page.tsx"
2025-06-05T12:05:56.250244Z  INFO scan_sources: tailwindcss_oxide::scanner: Discovering "D:\\BOOLA\\Thryvo\\SourceCode\\thryvo-website\\src\\app\\globals.css"
2025-06-05T12:05:56.250319Z  INFO scan_sources: tailwindcss_oxide::scanner: Discovering "D:\\BOOLA\\Thryvo\\SourceCode\\thryvo-website\\src\\app\\layout.tsx"
2025-06-05T12:05:56.250430Z  INFO scan_sources: tailwindcss_oxide::scanner: Discovering "D:\\BOOLA\\Thryvo\\SourceCode\\thryvo-website\\src\\app\\legal"
2025-06-05T12:05:56.250609Z  INFO scan_sources: tailwindcss_oxide::scanner: Discovering "D:\\BOOLA\\Thryvo\\SourceCode\\thryvo-website\\src\\app\\legal\\accessibility"
2025-06-05T12:05:56.250749Z  INFO scan_sources: tailwindcss_oxide::scanner: Discovering "D:\\BOOLA\\Thryvo\\SourceCode\\thryvo-website\\src\\app\\legal\\accessibility\\page.tsx"
2025-06-05T12:05:56.250878Z  INFO scan_sources: tailwindcss_oxide::scanner: Discovering "D:\\BOOLA\\Thryvo\\SourceCode\\thryvo-website\\src\\app\\legal\\cookie-policy"
2025-06-05T12:05:56.251017Z  INFO scan_sources: tailwindcss_oxide::scanner: Discovering "D:\\BOOLA\\Thryvo\\SourceCode\\thryvo-website\\src\\app\\legal\\cookie-policy\\page.tsx"
2025-06-05T12:05:56.251147Z  INFO scan_sources: tailwindcss_oxide::scanner: Discovering "D:\\BOOLA\\Thryvo\\SourceCode\\thryvo-website\\src\\app\\legal\\privacy-policy"
2025-06-05T12:05:56.251289Z  INFO scan_sources: tailwindcss_oxide::scanner: Discovering "D:\\BOOLA\\Thryvo\\SourceCode\\thryvo-website\\src\\app\\legal\\privacy-policy\\page.tsx"
2025-06-05T12:05:56.251418Z  INFO scan_sources: tailwindcss_oxide::scanner: Discovering "D:\\BOOLA\\Thryvo\\SourceCode\\thryvo-website\\src\\app\\legal\\security"
2025-06-05T12:05:56.251561Z  INFO scan_sources: tailwindcss_oxide::scanner: Discovering "D:\\BOOLA\\Thryvo\\SourceCode\\thryvo-website\\src\\app\\legal\\security\\page.tsx"
2025-06-05T12:05:56.251690Z  INFO scan_sources: tailwindcss_oxide::scanner: Discovering "D:\\BOOLA\\Thryvo\\SourceCode\\thryvo-website\\src\\app\\legal\\terms-and-conditions"
2025-06-05T12:05:56.251831Z  INFO scan_sources: tailwindcss_oxide::scanner: Discovering "D:\\BOOLA\\Thryvo\\SourceCode\\thryvo-website\\src\\app\\legal\\terms-and-conditions\\page.tsx"
2025-06-05T12:05:56.251960Z  INFO scan_sources: tailwindcss_oxide::scanner: Discovering "D:\\BOOLA\\Thryvo\\SourceCode\\thryvo-website\\src\\app\\page.tsx"
2025-06-05T12:05:56.252037Z  INFO scan_sources: tailwindcss_oxide::scanner: Discovering "D:\\BOOLA\\Thryvo\\SourceCode\\thryvo-website\\src\\app\\page.tsx.new"
2025-06-05T12:05:56.252149Z  INFO scan_sources: tailwindcss_oxide::scanner: Discovering "D:\\BOOLA\\Thryvo\\SourceCode\\thryvo-website\\src\\app\\students"
2025-06-05T12:05:56.252290Z  INFO scan_sources: tailwindcss_oxide::scanner: Discovering "D:\\BOOLA\\Thryvo\\SourceCode\\thryvo-website\\src\\app\\students\\page.tsx"
2025-06-05T12:05:56.252432Z  INFO scan_sources: tailwindcss_oxide::scanner: Discovering "D:\\BOOLA\\Thryvo\\SourceCode\\thryvo-website\\src\\components"
2025-06-05T12:05:56.252612Z  INFO scan_sources: tailwindcss_oxide::scanner: Discovering "D:\\BOOLA\\Thryvo\\SourceCode\\thryvo-website\\src\\components\\layout"
2025-06-05T12:05:56.252759Z  INFO scan_sources: tailwindcss_oxide::scanner: Discovering "D:\\BOOLA\\Thryvo\\SourceCode\\thryvo-website\\src\\components\\layout\\Footer.tsx"
2025-06-05T12:05:56.252834Z  INFO scan_sources: tailwindcss_oxide::scanner: Discovering "D:\\BOOLA\\Thryvo\\SourceCode\\thryvo-website\\src\\components\\layout\\Header.tsx"
2025-06-05T12:05:56.252964Z  INFO scan_sources: tailwindcss_oxide::scanner: Discovering "D:\\BOOLA\\Thryvo\\SourceCode\\thryvo-website\\src\\components\\ui"
2025-06-05T12:05:56.253107Z  INFO scan_sources: tailwindcss_oxide::scanner: Discovering "D:\\BOOLA\\Thryvo\\SourceCode\\thryvo-website\\src\\components\\ui\\Button.tsx"
2025-06-05T12:05:56.253181Z  INFO scan_sources: tailwindcss_oxide::scanner: Discovering "D:\\BOOLA\\Thryvo\\SourceCode\\thryvo-website\\src\\components\\ui\\Card.tsx"
2025-06-05T12:05:56.253254Z  INFO scan_sources: tailwindcss_oxide::scanner: Discovering "D:\\BOOLA\\Thryvo\\SourceCode\\thryvo-website\\src\\components\\ui\\ContactForm.tsx"
2025-06-05T12:05:56.253327Z  INFO scan_sources: tailwindcss_oxide::scanner: Discovering "D:\\BOOLA\\Thryvo\\SourceCode\\thryvo-website\\src\\components\\ui\\Container.tsx"
2025-06-05T12:05:56.253401Z  INFO scan_sources: tailwindcss_oxide::scanner: Discovering "D:\\BOOLA\\Thryvo\\SourceCode\\thryvo-website\\src\\components\\ui\\OptimizedImage.tsx"
2025-06-05T12:05:56.253542Z  INFO scan_sources: tailwindcss_oxide::scanner: Discovering "D:\\BOOLA\\Thryvo\\SourceCode\\thryvo-website\\src\\data"
2025-06-05T12:05:56.253682Z  INFO scan_sources: tailwindcss_oxide::scanner: Discovering "D:\\BOOLA\\Thryvo\\SourceCode\\thryvo-website\\src\\data\\blogPosts.ts"
2025-06-05T12:05:56.253812Z  INFO scan_sources: tailwindcss_oxide::scanner: Discovering "D:\\BOOLA\\Thryvo\\SourceCode\\thryvo-website\\src\\lib"
2025-06-05T12:05:56.253964Z  INFO scan_sources: tailwindcss_oxide::scanner: Discovering "D:\\BOOLA\\Thryvo\\SourceCode\\thryvo-website\\src\\lib\\schema.ts"
2025-06-05T12:05:56.254040Z  INFO scan_sources: tailwindcss_oxide::scanner: Discovering "D:\\BOOLA\\Thryvo\\SourceCode\\thryvo-website\\src\\lib\\schema.tsx"
2025-06-05T12:05:56.254111Z  INFO scan_sources: tailwindcss_oxide::scanner: Discovering "D:\\BOOLA\\Thryvo\\SourceCode\\thryvo-website\\src\\lib\\utils.ts"
2025-06-05T12:05:56.254213Z  INFO scan_sources: tailwindcss_oxide::scanner: Discovering "D:\\BOOLA\\Thryvo\\SourceCode\\thryvo-website\\tailwind.config.js"
2025-06-05T12:05:56.254307Z  INFO scan_sources: tailwindcss_oxide::scanner: Discovering "D:\\BOOLA\\Thryvo\\SourceCode\\thryvo-website\\tsconfig.json"
2025-06-05T12:05:56.254389Z  INFO scan_sources: tailwindcss_oxide::scanner: exit
2025-06-05T12:05:56.254399Z  INFO extract_candidates: tailwindcss_oxide::scanner: enter
2025-06-05T12:05:56.254407Z  INFO extract_candidates:read_all_files: tailwindcss_oxide::scanner: enter
2025-06-05T12:05:56.254411Z  INFO extract_candidates:read_all_files: tailwindcss_oxide::scanner: Reading 45 file(s)
2025-06-05T12:05:56.254853Z  INFO tailwindcss_oxide::scanner: Reading "D:\\BOOLA\\Thryvo\\SourceCode\\thryvo-website\\.github\\workflows\\deploy.yml"
2025-06-05T12:05:56.254904Z  INFO tailwindcss_oxide::scanner: Reading "D:\\BOOLA\\Thryvo\\SourceCode\\thryvo-website\\src\\app\\faq\\page.tsx"
2025-06-05T12:05:56.254917Z  INFO tailwindcss_oxide::scanner: Reading "D:\\BOOLA\\Thryvo\\SourceCode\\thryvo-website\\src\\app\\about\\page.tsx"
2025-06-05T12:05:56.254922Z  INFO tailwindcss_oxide::scanner: Reading "D:\\BOOLA\\Thryvo\\SourceCode\\thryvo-website\\public\\site.webmanifest"
2025-06-05T12:05:56.254958Z  INFO tailwindcss_oxide::scanner: Reading "D:\\BOOLA\\Thryvo\\SourceCode\\thryvo-website\\eslint.config.mjs"
2025-06-05T12:05:56.255016Z  INFO tailwindcss_oxide::scanner: Reading "D:\\BOOLA\\Thryvo\\SourceCode\\thryvo-website\\public\\sitemap.xml"
2025-06-05T12:05:56.255018Z  INFO tailwindcss_oxide::scanner: Reading "D:\\BOOLA\\Thryvo\\SourceCode\\thryvo-website\\src\\app\\layout.tsx"
2025-06-05T12:05:56.255019Z  INFO tailwindcss_oxide::scanner: Reading "D:\\BOOLA\\Thryvo\\SourceCode\\thryvo-website\\src\\app\\blog\\page.tsx"
2025-06-05T12:05:56.255012Z  INFO tailwindcss_oxide::scanner: Reading "D:\\BOOLA\\Thryvo\\SourceCode\\thryvo-website\\public\\.nojekyll"
2025-06-05T12:05:56.255065Z  INFO tailwindcss_oxide::scanner: Reading "D:\\BOOLA\\Thryvo\\SourceCode\\thryvo-website\\package.json"
2025-06-05T12:05:56.255076Z  INFO tailwindcss_oxide::scanner: Reading "D:\\BOOLA\\Thryvo\\SourceCode\\thryvo-website\\next.config.ts"
2025-06-05T12:05:56.255093Z  INFO tailwindcss_oxide::scanner: Reading "D:\\BOOLA\\Thryvo\\SourceCode\\thryvo-website\\public\\vercel.svg"
2025-06-05T12:05:56.255125Z  INFO tailwindcss_oxide::scanner: Reading "D:\\BOOLA\\Thryvo\\SourceCode\\thryvo-website\\src\\app\\legal\\accessibility\\page.tsx"
2025-06-05T12:05:56.255135Z  INFO tailwindcss_oxide::scanner: Reading "D:\\BOOLA\\Thryvo\\SourceCode\\thryvo-website\\src\\app\\colleges\\page.tsx"
2025-06-05T12:05:56.255146Z  INFO tailwindcss_oxide::scanner: Reading "D:\\BOOLA\\Thryvo\\SourceCode\\thryvo-website\\public\\window.svg"
2025-06-05T12:05:56.255152Z  INFO tailwindcss_oxide::scanner: Reading "D:\\BOOLA\\Thryvo\\SourceCode\\thryvo-website\\public\\CNAME"
2025-06-05T12:05:56.255160Z  INFO tailwindcss_oxide::scanner: Reading "D:\\BOOLA\\Thryvo\\SourceCode\\thryvo-website\\src\\app\\blog\\[slug]\\page.tsx"
2025-06-05T12:05:56.255173Z  INFO tailwindcss_oxide::scanner: Reading "D:\\BOOLA\\Thryvo\\SourceCode\\thryvo-website\\postcss.config.mjs"
2025-06-05T12:05:56.255195Z  INFO tailwindcss_oxide::scanner: Reading "D:\\BOOLA\\Thryvo\\SourceCode\\thryvo-website\\src\\components\\layout\\Header.tsx"
2025-06-05T12:05:56.255195Z  INFO tailwindcss_oxide::scanner: Reading "D:\\BOOLA\\Thryvo\\SourceCode\\thryvo-website\\src\\app\\contact\\page.tsx"
2025-06-05T12:05:56.255223Z  INFO tailwindcss_oxide::scanner: Reading "D:\\BOOLA\\Thryvo\\SourceCode\\thryvo-website\\src\\app\\legal\\cookie-policy\\page.tsx"
2025-06-05T12:05:56.255251Z  INFO tailwindcss_oxide::scanner: Reading "D:\\BOOLA\\Thryvo\\SourceCode\\thryvo-website\\README.md"
2025-06-05T12:05:56.255257Z  INFO tailwindcss_oxide::scanner: Reading "D:\\BOOLA\\Thryvo\\SourceCode\\thryvo-website\\public\\file.svg"
2025-06-05T12:05:56.255259Z  INFO tailwindcss_oxide::scanner: Reading "D:\\BOOLA\\Thryvo\\SourceCode\\thryvo-website\\src\\components\\ui\\ContactForm.tsx"
2025-06-05T12:05:56.255281Z  INFO tailwindcss_oxide::scanner: Reading "D:\\BOOLA\\Thryvo\\SourceCode\\thryvo-website\\src\\data\\blogPosts.ts"
2025-06-05T12:05:56.255294Z  INFO tailwindcss_oxide::scanner: Reading "D:\\BOOLA\\Thryvo\\SourceCode\\thryvo-website\\src\\app\\legal\\privacy-policy\\page.tsx"
2025-06-05T12:05:56.255315Z  INFO tailwindcss_oxide::scanner: Reading "D:\\BOOLA\\Thryvo\\SourceCode\\thryvo-website\\src\\app\\page.tsx.new"
2025-06-05T12:05:56.255318Z  INFO tailwindcss_oxide::scanner: Reading "D:\\BOOLA\\Thryvo\\SourceCode\\thryvo-website\\src\\app\\legal\\security\\page.tsx"
2025-06-05T12:05:56.255330Z  INFO tailwindcss_oxide::scanner: Reading "D:\\BOOLA\\Thryvo\\SourceCode\\thryvo-website\\src\\components\\ui\\Button.tsx"
2025-06-05T12:05:56.255339Z  INFO tailwindcss_oxide::scanner: Reading "D:\\BOOLA\\Thryvo\\SourceCode\\thryvo-website\\src\\components\\ui\\Container.tsx"
2025-06-05T12:05:56.255344Z  INFO tailwindcss_oxide::scanner: Reading "D:\\BOOLA\\Thryvo\\SourceCode\\thryvo-website\\src\\app\\students\\page.tsx"
2025-06-05T12:05:56.255400Z  INFO tailwindcss_oxide::scanner: Reading "D:\\BOOLA\\Thryvo\\SourceCode\\thryvo-website\\tailwind.config.js"
2025-06-05T12:05:56.255350Z  INFO tailwindcss_oxide::scanner: Reading "D:\\BOOLA\\Thryvo\\SourceCode\\thryvo-website\\src\\app\\employers\\page.tsx"
2025-06-05T12:05:56.255353Z  INFO tailwindcss_oxide::scanner: Reading "D:\\BOOLA\\Thryvo\\SourceCode\\thryvo-website\\public\\globe.svg"
2025-06-05T12:05:56.255354Z  INFO tailwindcss_oxide::scanner: Reading "D:\\BOOLA\\Thryvo\\SourceCode\\thryvo-website\\src\\components\\layout\\Footer.tsx"
2025-06-05T12:05:56.255445Z  INFO tailwindcss_oxide::scanner: Reading "D:\\BOOLA\\Thryvo\\SourceCode\\thryvo-website\\src\\lib\\schema.tsx"
2025-06-05T12:05:56.255451Z  INFO tailwindcss_oxide::scanner: Reading "D:\\BOOLA\\Thryvo\\SourceCode\\thryvo-website\\tsconfig.json"
2025-06-05T12:05:56.255385Z  INFO tailwindcss_oxide::scanner: Reading "D:\\BOOLA\\Thryvo\\SourceCode\\thryvo-website\\public\\next.svg"
2025-06-05T12:05:56.255498Z  INFO tailwindcss_oxide::scanner: Reading "D:\\BOOLA\\Thryvo\\SourceCode\\thryvo-website\\src\\app\\page.tsx"
2025-06-05T12:05:56.255404Z  INFO tailwindcss_oxide::scanner: Reading "D:\\BOOLA\\Thryvo\\SourceCode\\thryvo-website\\src\\lib\\schema.ts"
2025-06-05T12:05:56.255436Z  INFO tailwindcss_oxide::scanner: Reading "D:\\BOOLA\\Thryvo\\SourceCode\\thryvo-website\\src\\components\\ui\\Card.tsx"
2025-06-05T12:05:56.255434Z  INFO tailwindcss_oxide::scanner: Reading "D:\\BOOLA\\Thryvo\\SourceCode\\thryvo-website\\src\\app\\legal\\terms-and-conditions\\page.tsx"
2025-06-05T12:05:56.255371Z  INFO tailwindcss_oxide::scanner: Reading "D:\\BOOLA\\Thryvo\\SourceCode\\thryvo-website\\src\\lib\\utils.ts"
2025-06-05T12:05:56.255463Z  INFO tailwindcss_oxide::scanner: Reading "D:\\BOOLA\\Thryvo\\SourceCode\\thryvo-website\\public\\robots.txt"
2025-06-05T12:05:56.255468Z  INFO tailwindcss_oxide::scanner: Reading "D:\\BOOLA\\Thryvo\\SourceCode\\thryvo-website\\src\\components\\ui\\OptimizedImage.tsx"
2025-06-05T12:05:56.255800Z  INFO extract_candidates:read_all_files: tailwindcss_oxide::scanner: exit
2025-06-05T12:05:56.255813Z  INFO extract_candidates:parse_all_blobs: tailwindcss_oxide::scanner: enter
2025-06-05T12:05:56.255818Z  INFO extract_candidates:parse_all_blobs:extract: tailwindcss_oxide::scanner: enter
2025-06-05T12:05:56.257616Z  INFO extract_candidates:parse_all_blobs:extract: tailwindcss_oxide::scanner: exit
2025-06-05T12:05:56.257647Z  INFO extract_candidates:parse_all_blobs: tailwindcss_oxide::scanner: exit
2025-06-05T12:05:56.257661Z  INFO extract_candidates:read_all_files: tailwindcss_oxide::scanner: enter
2025-06-05T12:05:56.257667Z  INFO extract_candidates:read_all_files: tailwindcss_oxide::scanner: Reading 1 file(s)
2025-06-05T12:05:56.257803Z  INFO extract_candidates:read_all_files: tailwindcss_oxide::scanner: Reading "D:\\BOOLA\\Thryvo\\SourceCode\\thryvo-website\\src\\app\\globals.css"
2025-06-05T12:05:56.257817Z  INFO extract_candidates:read_all_files: tailwindcss_oxide::scanner: exit
2025-06-05T12:05:56.257823Z  INFO extract_candidates:extract_css_variables: tailwindcss_oxide::scanner: enter
2025-06-05T12:05:56.257829Z  INFO extract_candidates:extract_css_variables:extract: tailwindcss_oxide::scanner: enter
2025-06-05T12:05:56.257911Z  INFO extract_candidates:extract_css_variables:extract: tailwindcss_oxide::scanner: exit
2025-06-05T12:05:56.257929Z  INFO extract_candidates:extract_css_variables: tailwindcss_oxide::scanner: exit
2025-06-05T12:05:56.258515Z  INFO extract_candidates: tailwindcss_oxide::scanner: exit
2025-06-05T12:05:56.259562Z  INFO get_files: tailwindcss_oxide::scanner: enter
2025-06-05T12:05:56.259574Z  INFO get_files:scan_sources: tailwindcss_oxide::scanner: enter
2025-06-05T12:05:56.260890Z  INFO get_files:scan_sources: tailwindcss_oxide::scanner: Discovering "D:\\BOOLA\\Thryvo\\SourceCode\\thryvo-website\\.github"
2025-06-05T12:05:56.261092Z  INFO get_files:scan_sources: tailwindcss_oxide::scanner: Discovering "D:\\BOOLA\\Thryvo\\SourceCode\\thryvo-website\\.github\\workflows"
2025-06-05T12:05:56.261862Z  INFO get_files:scan_sources: tailwindcss_oxide::scanner: Discovering "D:\\BOOLA\\Thryvo\\SourceCode\\thryvo-website\\public"
2025-06-05T12:05:56.262503Z  INFO get_files:scan_sources: tailwindcss_oxide::scanner: Discovering "D:\\BOOLA\\Thryvo\\SourceCode\\thryvo-website\\src"
2025-06-05T12:05:56.262692Z  INFO get_files:scan_sources: tailwindcss_oxide::scanner: Discovering "D:\\BOOLA\\Thryvo\\SourceCode\\thryvo-website\\src\\app"
2025-06-05T12:05:56.262878Z  INFO get_files:scan_sources: tailwindcss_oxide::scanner: Discovering "D:\\BOOLA\\Thryvo\\SourceCode\\thryvo-website\\src\\app\\about"
2025-06-05T12:05:56.263121Z  INFO get_files:scan_sources: tailwindcss_oxide::scanner: Discovering "D:\\BOOLA\\Thryvo\\SourceCode\\thryvo-website\\src\\app\\blog"
2025-06-05T12:05:56.263350Z  INFO get_files:scan_sources: tailwindcss_oxide::scanner: Discovering "D:\\BOOLA\\Thryvo\\SourceCode\\thryvo-website\\src\\app\\blog\\[slug]"
2025-06-05T12:05:56.263610Z  INFO get_files:scan_sources: tailwindcss_oxide::scanner: Discovering "D:\\BOOLA\\Thryvo\\SourceCode\\thryvo-website\\src\\app\\colleges"
2025-06-05T12:05:56.263846Z  INFO get_files:scan_sources: tailwindcss_oxide::scanner: Discovering "D:\\BOOLA\\Thryvo\\SourceCode\\thryvo-website\\src\\app\\contact"
2025-06-05T12:05:56.264081Z  INFO get_files:scan_sources: tailwindcss_oxide::scanner: Discovering "D:\\BOOLA\\Thryvo\\SourceCode\\thryvo-website\\src\\app\\employers"
2025-06-05T12:05:56.264319Z  INFO get_files:scan_sources: tailwindcss_oxide::scanner: Discovering "D:\\BOOLA\\Thryvo\\SourceCode\\thryvo-website\\src\\app\\faq"
2025-06-05T12:05:56.264648Z  INFO get_files:scan_sources: tailwindcss_oxide::scanner: Discovering "D:\\BOOLA\\Thryvo\\SourceCode\\thryvo-website\\src\\app\\legal"
2025-06-05T12:05:56.264832Z  INFO get_files:scan_sources: tailwindcss_oxide::scanner: Discovering "D:\\BOOLA\\Thryvo\\SourceCode\\thryvo-website\\src\\app\\legal\\accessibility"
2025-06-05T12:05:56.265068Z  INFO get_files:scan_sources: tailwindcss_oxide::scanner: Discovering "D:\\BOOLA\\Thryvo\\SourceCode\\thryvo-website\\src\\app\\legal\\cookie-policy"
2025-06-05T12:05:56.265305Z  INFO get_files:scan_sources: tailwindcss_oxide::scanner: Discovering "D:\\BOOLA\\Thryvo\\SourceCode\\thryvo-website\\src\\app\\legal\\privacy-policy"
2025-06-05T12:05:56.265550Z  INFO get_files:scan_sources: tailwindcss_oxide::scanner: Discovering "D:\\BOOLA\\Thryvo\\SourceCode\\thryvo-website\\src\\app\\legal\\security"
2025-06-05T12:05:56.265787Z  INFO get_files:scan_sources: tailwindcss_oxide::scanner: Discovering "D:\\BOOLA\\Thryvo\\SourceCode\\thryvo-website\\src\\app\\legal\\terms-and-conditions"
2025-06-05T12:05:56.266117Z  INFO get_files:scan_sources: tailwindcss_oxide::scanner: Discovering "D:\\BOOLA\\Thryvo\\SourceCode\\thryvo-website\\src\\app\\students"
2025-06-05T12:05:56.266371Z  INFO get_files:scan_sources: tailwindcss_oxide::scanner: Discovering "D:\\BOOLA\\Thryvo\\SourceCode\\thryvo-website\\src\\components"
2025-06-05T12:05:56.266557Z  INFO get_files:scan_sources: tailwindcss_oxide::scanner: Discovering "D:\\BOOLA\\Thryvo\\SourceCode\\thryvo-website\\src\\components\\layout"
2025-06-05T12:05:56.266833Z  INFO get_files:scan_sources: tailwindcss_oxide::scanner: Discovering "D:\\BOOLA\\Thryvo\\SourceCode\\thryvo-website\\src\\components\\ui"
2025-06-05T12:05:56.267237Z  INFO get_files:scan_sources: tailwindcss_oxide::scanner: Discovering "D:\\BOOLA\\Thryvo\\SourceCode\\thryvo-website\\src\\data"
2025-06-05T12:05:56.267473Z  INFO get_files:scan_sources: tailwindcss_oxide::scanner: Discovering "D:\\BOOLA\\Thryvo\\SourceCode\\thryvo-website\\src\\lib"
2025-06-05T12:05:56.267960Z  INFO get_files:scan_sources: tailwindcss_oxide::scanner: exit
2025-06-05T12:05:56.268024Z  INFO get_files: tailwindcss_oxide::scanner: exit
2025-06-05T12:05:56.268159Z  INFO get_globs: tailwindcss_oxide::scanner: enter
2025-06-05T12:05:56.268169Z  INFO get_globs:scan_sources: tailwindcss_oxide::scanner: enter
2025-06-05T12:05:56.269330Z  INFO get_globs:scan_sources: tailwindcss_oxide::scanner: Discovering "D:\\BOOLA\\Thryvo\\SourceCode\\thryvo-website\\.github"
2025-06-05T12:05:56.269514Z  INFO get_globs:scan_sources: tailwindcss_oxide::scanner: Discovering "D:\\BOOLA\\Thryvo\\SourceCode\\thryvo-website\\.github\\workflows"
2025-06-05T12:05:56.270291Z  INFO get_globs:scan_sources: tailwindcss_oxide::scanner: Discovering "D:\\BOOLA\\Thryvo\\SourceCode\\thryvo-website\\public"
2025-06-05T12:05:56.270910Z  INFO get_globs:scan_sources: tailwindcss_oxide::scanner: Discovering "D:\\BOOLA\\Thryvo\\SourceCode\\thryvo-website\\src"
2025-06-05T12:05:56.271093Z  INFO get_globs:scan_sources: tailwindcss_oxide::scanner: Discovering "D:\\BOOLA\\Thryvo\\SourceCode\\thryvo-website\\src\\app"
2025-06-05T12:05:56.271277Z  INFO get_globs:scan_sources: tailwindcss_oxide::scanner: Discovering "D:\\BOOLA\\Thryvo\\SourceCode\\thryvo-website\\src\\app\\about"
2025-06-05T12:05:56.271513Z  INFO get_globs:scan_sources: tailwindcss_oxide::scanner: Discovering "D:\\BOOLA\\Thryvo\\SourceCode\\thryvo-website\\src\\app\\blog"
2025-06-05T12:05:56.271730Z  INFO get_globs:scan_sources: tailwindcss_oxide::scanner: Discovering "D:\\BOOLA\\Thryvo\\SourceCode\\thryvo-website\\src\\app\\blog\\[slug]"
2025-06-05T12:05:56.271983Z  INFO get_globs:scan_sources: tailwindcss_oxide::scanner: Discovering "D:\\BOOLA\\Thryvo\\SourceCode\\thryvo-website\\src\\app\\colleges"
2025-06-05T12:05:56.272219Z  INFO get_globs:scan_sources: tailwindcss_oxide::scanner: Discovering "D:\\BOOLA\\Thryvo\\SourceCode\\thryvo-website\\src\\app\\contact"
2025-06-05T12:05:56.272451Z  INFO get_globs:scan_sources: tailwindcss_oxide::scanner: Discovering "D:\\BOOLA\\Thryvo\\SourceCode\\thryvo-website\\src\\app\\employers"
2025-06-05T12:05:56.272693Z  INFO get_globs:scan_sources: tailwindcss_oxide::scanner: Discovering "D:\\BOOLA\\Thryvo\\SourceCode\\thryvo-website\\src\\app\\faq"
2025-06-05T12:05:56.273007Z  INFO get_globs:scan_sources: tailwindcss_oxide::scanner: Discovering "D:\\BOOLA\\Thryvo\\SourceCode\\thryvo-website\\src\\app\\legal"
2025-06-05T12:05:56.273190Z  INFO get_globs:scan_sources: tailwindcss_oxide::scanner: Discovering "D:\\BOOLA\\Thryvo\\SourceCode\\thryvo-website\\src\\app\\legal\\accessibility"
2025-06-05T12:05:56.273431Z  INFO get_globs:scan_sources: tailwindcss_oxide::scanner: Discovering "D:\\BOOLA\\Thryvo\\SourceCode\\thryvo-website\\src\\app\\legal\\cookie-policy"
2025-06-05T12:05:56.273674Z  INFO get_globs:scan_sources: tailwindcss_oxide::scanner: Discovering "D:\\BOOLA\\Thryvo\\SourceCode\\thryvo-website\\src\\app\\legal\\privacy-policy"
2025-06-05T12:05:56.273911Z  INFO get_globs:scan_sources: tailwindcss_oxide::scanner: Discovering "D:\\BOOLA\\Thryvo\\SourceCode\\thryvo-website\\src\\app\\legal\\security"
2025-06-05T12:05:56.274156Z  INFO get_globs:scan_sources: tailwindcss_oxide::scanner: Discovering "D:\\BOOLA\\Thryvo\\SourceCode\\thryvo-website\\src\\app\\legal\\terms-and-conditions"
2025-06-05T12:05:56.274483Z  INFO get_globs:scan_sources: tailwindcss_oxide::scanner: Discovering "D:\\BOOLA\\Thryvo\\SourceCode\\thryvo-website\\src\\app\\students"
2025-06-05T12:05:56.274732Z  INFO get_globs:scan_sources: tailwindcss_oxide::scanner: Discovering "D:\\BOOLA\\Thryvo\\SourceCode\\thryvo-website\\src\\components"
2025-06-05T12:05:56.274915Z  INFO get_globs:scan_sources: tailwindcss_oxide::scanner: Discovering "D:\\BOOLA\\Thryvo\\SourceCode\\thryvo-website\\src\\components\\layout"
2025-06-05T12:05:56.275187Z  INFO get_globs:scan_sources: tailwindcss_oxide::scanner: Discovering "D:\\BOOLA\\Thryvo\\SourceCode\\thryvo-website\\src\\components\\ui"
2025-06-05T12:05:56.275579Z  INFO get_globs:scan_sources: tailwindcss_oxide::scanner: Discovering "D:\\BOOLA\\Thryvo\\SourceCode\\thryvo-website\\src\\data"
2025-06-05T12:05:56.275814Z  INFO get_globs:scan_sources: tailwindcss_oxide::scanner: Discovering "D:\\BOOLA\\Thryvo\\SourceCode\\thryvo-website\\src\\lib"
2025-06-05T12:05:56.276207Z  INFO get_globs:scan_sources: tailwindcss_oxide::scanner: exit
2025-06-05T12:05:56.281190Z  INFO get_globs: tailwindcss_oxide::scanner: exit
