2025-06-05T12:02:17.567255Z  INFO tailwindcss_oxide::scanner: Provided sources:
2025-06-05T12:02:17.567348Z  INFO tailwindcss_oxide::scanner: Source: PublicSourceEntry { base: "D:\\BOOLA\\Thryvo\\SourceCode\\thryvo-website", pattern: "**/*", negated: false }
2025-06-05T12:02:17.567483Z  INFO tailwindcss_oxide::scanner: Optimized sources:
2025-06-05T12:02:17.567500Z  INFO tailwindcss_oxide::scanner: Source: Auto { base: "D:\\BOOLA\\Thryvo\\SourceCode\\thryvo-website" }
2025-06-05T12:02:17.568782Z  INFO scan_sources: tailwindcss_oxide::scanner: enter
2025-06-05T12:02:17.570049Z  INFO scan_sources: tailwindcss_oxide::scanner: Discovering "D:\\BOOLA\\Thryvo\\SourceCode\\thryvo-website\\.github"
2025-06-05T12:02:17.570255Z  INFO scan_sources: tailwindcss_oxide::scanner: Discovering "D:\\BOOLA\\Thryvo\\SourceCode\\thryvo-website\\.github\\workflows"
2025-06-05T12:02:17.570858Z  INFO scan_sources: tailwindcss_oxide::scanner: Discovering "D:\\BOOLA\\Thryvo\\SourceCode\\thryvo-website\\.github\\workflows\\deploy.yml"
2025-06-05T12:02:17.571126Z  INFO scan_sources: tailwindcss_oxide::scanner: Discovering "D:\\BOOLA\\Thryvo\\SourceCode\\thryvo-website\\eslint.config.mjs"
2025-06-05T12:02:17.571216Z  INFO scan_sources: tailwindcss_oxide::scanner: Discovering "D:\\BOOLA\\Thryvo\\SourceCode\\thryvo-website\\next.config.ts"
2025-06-05T12:02:17.571450Z  INFO scan_sources: tailwindcss_oxide::scanner: Discovering "D:\\BOOLA\\Thryvo\\SourceCode\\thryvo-website\\package.json"
2025-06-05T12:02:17.571526Z  INFO scan_sources: tailwindcss_oxide::scanner: Discovering "D:\\BOOLA\\Thryvo\\SourceCode\\thryvo-website\\postcss.config.mjs"
2025-06-05T12:02:17.571640Z  INFO scan_sources: tailwindcss_oxide::scanner: Discovering "D:\\BOOLA\\Thryvo\\SourceCode\\thryvo-website\\public"
2025-06-05T12:02:17.571787Z  INFO scan_sources: tailwindcss_oxide::scanner: Discovering "D:\\BOOLA\\Thryvo\\SourceCode\\thryvo-website\\public\\.nojekyll"
2025-06-05T12:02:17.571860Z  INFO scan_sources: tailwindcss_oxide::scanner: Discovering "D:\\BOOLA\\Thryvo\\SourceCode\\thryvo-website\\public\\CNAME"
2025-06-05T12:02:17.571936Z  INFO scan_sources: tailwindcss_oxide::scanner: Discovering "D:\\BOOLA\\Thryvo\\SourceCode\\thryvo-website\\public\\file.svg"
2025-06-05T12:02:17.572008Z  INFO scan_sources: tailwindcss_oxide::scanner: Discovering "D:\\BOOLA\\Thryvo\\SourceCode\\thryvo-website\\public\\globe.svg"
2025-06-05T12:02:17.572082Z  INFO scan_sources: tailwindcss_oxide::scanner: Discovering "D:\\BOOLA\\Thryvo\\SourceCode\\thryvo-website\\public\\next.svg"
2025-06-05T12:02:17.572155Z  INFO scan_sources: tailwindcss_oxide::scanner: Discovering "D:\\BOOLA\\Thryvo\\SourceCode\\thryvo-website\\public\\robots.txt"
2025-06-05T12:02:17.572229Z  INFO scan_sources: tailwindcss_oxide::scanner: Discovering "D:\\BOOLA\\Thryvo\\SourceCode\\thryvo-website\\public\\site.webmanifest"
2025-06-05T12:02:17.572303Z  INFO scan_sources: tailwindcss_oxide::scanner: Discovering "D:\\BOOLA\\Thryvo\\SourceCode\\thryvo-website\\public\\sitemap.xml"
2025-06-05T12:02:17.572376Z  INFO scan_sources: tailwindcss_oxide::scanner: Discovering "D:\\BOOLA\\Thryvo\\SourceCode\\thryvo-website\\public\\vercel.svg"
2025-06-05T12:02:17.572451Z  INFO scan_sources: tailwindcss_oxide::scanner: Discovering "D:\\BOOLA\\Thryvo\\SourceCode\\thryvo-website\\public\\window.svg"
2025-06-05T12:02:17.572541Z  INFO scan_sources: tailwindcss_oxide::scanner: Discovering "D:\\BOOLA\\Thryvo\\SourceCode\\thryvo-website\\README.md"
2025-06-05T12:02:17.572654Z  INFO scan_sources: tailwindcss_oxide::scanner: Discovering "D:\\BOOLA\\Thryvo\\SourceCode\\thryvo-website\\src"
2025-06-05T12:02:17.572833Z  INFO scan_sources: tailwindcss_oxide::scanner: Discovering "D:\\BOOLA\\Thryvo\\SourceCode\\thryvo-website\\src\\app"
2025-06-05T12:02:17.573013Z  INFO scan_sources: tailwindcss_oxide::scanner: Discovering "D:\\BOOLA\\Thryvo\\SourceCode\\thryvo-website\\src\\app\\about"
2025-06-05T12:02:17.573153Z  INFO scan_sources: tailwindcss_oxide::scanner: Discovering "D:\\BOOLA\\Thryvo\\SourceCode\\thryvo-website\\src\\app\\about\\page.tsx"
2025-06-05T12:02:17.573284Z  INFO scan_sources: tailwindcss_oxide::scanner: Discovering "D:\\BOOLA\\Thryvo\\SourceCode\\thryvo-website\\src\\app\\blog"
2025-06-05T12:02:17.573471Z  INFO scan_sources: tailwindcss_oxide::scanner: Discovering "D:\\BOOLA\\Thryvo\\SourceCode\\thryvo-website\\src\\app\\blog\\page.tsx"
2025-06-05T12:02:17.573588Z  INFO scan_sources: tailwindcss_oxide::scanner: Discovering "D:\\BOOLA\\Thryvo\\SourceCode\\thryvo-website\\src\\app\\blog\\[slug]"
2025-06-05T12:02:17.573727Z  INFO scan_sources: tailwindcss_oxide::scanner: Discovering "D:\\BOOLA\\Thryvo\\SourceCode\\thryvo-website\\src\\app\\blog\\[slug]\\page.tsx"
2025-06-05T12:02:17.573869Z  INFO scan_sources: tailwindcss_oxide::scanner: Discovering "D:\\BOOLA\\Thryvo\\SourceCode\\thryvo-website\\src\\app\\colleges"
2025-06-05T12:02:17.574006Z  INFO scan_sources: tailwindcss_oxide::scanner: Discovering "D:\\BOOLA\\Thryvo\\SourceCode\\thryvo-website\\src\\app\\colleges\\page.tsx"
2025-06-05T12:02:17.574133Z  INFO scan_sources: tailwindcss_oxide::scanner: Discovering "D:\\BOOLA\\Thryvo\\SourceCode\\thryvo-website\\src\\app\\contact"
2025-06-05T12:02:17.574269Z  INFO scan_sources: tailwindcss_oxide::scanner: Discovering "D:\\BOOLA\\Thryvo\\SourceCode\\thryvo-website\\src\\app\\contact\\page.tsx"
2025-06-05T12:02:17.574399Z  INFO scan_sources: tailwindcss_oxide::scanner: Discovering "D:\\BOOLA\\Thryvo\\SourceCode\\thryvo-website\\src\\app\\employers"
2025-06-05T12:02:17.574536Z  INFO scan_sources: tailwindcss_oxide::scanner: Discovering "D:\\BOOLA\\Thryvo\\SourceCode\\thryvo-website\\src\\app\\employers\\page.tsx"
2025-06-05T12:02:17.574665Z  INFO scan_sources: tailwindcss_oxide::scanner: Discovering "D:\\BOOLA\\Thryvo\\SourceCode\\thryvo-website\\src\\app\\faq"
2025-06-05T12:02:17.574802Z  INFO scan_sources: tailwindcss_oxide::scanner: Discovering "D:\\BOOLA\\Thryvo\\SourceCode\\thryvo-website\\src\\app\\faq\\page.tsx"
2025-06-05T12:02:17.574896Z  INFO scan_sources: tailwindcss_oxide::scanner: Discovering "D:\\BOOLA\\Thryvo\\SourceCode\\thryvo-website\\src\\app\\globals.css"
2025-06-05T12:02:17.574969Z  INFO scan_sources: tailwindcss_oxide::scanner: Discovering "D:\\BOOLA\\Thryvo\\SourceCode\\thryvo-website\\src\\app\\layout.tsx"
2025-06-05T12:02:17.575080Z  INFO scan_sources: tailwindcss_oxide::scanner: Discovering "D:\\BOOLA\\Thryvo\\SourceCode\\thryvo-website\\src\\app\\legal"
2025-06-05T12:02:17.575257Z  INFO scan_sources: tailwindcss_oxide::scanner: Discovering "D:\\BOOLA\\Thryvo\\SourceCode\\thryvo-website\\src\\app\\legal\\accessibility"
2025-06-05T12:02:17.575397Z  INFO scan_sources: tailwindcss_oxide::scanner: Discovering "D:\\BOOLA\\Thryvo\\SourceCode\\thryvo-website\\src\\app\\legal\\accessibility\\page.tsx"
2025-06-05T12:02:17.575523Z  INFO scan_sources: tailwindcss_oxide::scanner: Discovering "D:\\BOOLA\\Thryvo\\SourceCode\\thryvo-website\\src\\app\\legal\\cookie-policy"
2025-06-05T12:02:17.575661Z  INFO scan_sources: tailwindcss_oxide::scanner: Discovering "D:\\BOOLA\\Thryvo\\SourceCode\\thryvo-website\\src\\app\\legal\\cookie-policy\\page.tsx"
2025-06-05T12:02:17.575788Z  INFO scan_sources: tailwindcss_oxide::scanner: Discovering "D:\\BOOLA\\Thryvo\\SourceCode\\thryvo-website\\src\\app\\legal\\privacy-policy"
2025-06-05T12:02:17.575925Z  INFO scan_sources: tailwindcss_oxide::scanner: Discovering "D:\\BOOLA\\Thryvo\\SourceCode\\thryvo-website\\src\\app\\legal\\privacy-policy\\page.tsx"
2025-06-05T12:02:17.576052Z  INFO scan_sources: tailwindcss_oxide::scanner: Discovering "D:\\BOOLA\\Thryvo\\SourceCode\\thryvo-website\\src\\app\\legal\\security"
2025-06-05T12:02:17.576192Z  INFO scan_sources: tailwindcss_oxide::scanner: Discovering "D:\\BOOLA\\Thryvo\\SourceCode\\thryvo-website\\src\\app\\legal\\security\\page.tsx"
2025-06-05T12:02:17.576320Z  INFO scan_sources: tailwindcss_oxide::scanner: Discovering "D:\\BOOLA\\Thryvo\\SourceCode\\thryvo-website\\src\\app\\legal\\terms-and-conditions"
2025-06-05T12:02:17.576461Z  INFO scan_sources: tailwindcss_oxide::scanner: Discovering "D:\\BOOLA\\Thryvo\\SourceCode\\thryvo-website\\src\\app\\legal\\terms-and-conditions\\page.tsx"
2025-06-05T12:02:17.576587Z  INFO scan_sources: tailwindcss_oxide::scanner: Discovering "D:\\BOOLA\\Thryvo\\SourceCode\\thryvo-website\\src\\app\\page.tsx"
2025-06-05T12:02:17.576664Z  INFO scan_sources: tailwindcss_oxide::scanner: Discovering "D:\\BOOLA\\Thryvo\\SourceCode\\thryvo-website\\src\\app\\page.tsx.new"
2025-06-05T12:02:17.576777Z  INFO scan_sources: tailwindcss_oxide::scanner: Discovering "D:\\BOOLA\\Thryvo\\SourceCode\\thryvo-website\\src\\app\\students"
2025-06-05T12:02:17.576915Z  INFO scan_sources: tailwindcss_oxide::scanner: Discovering "D:\\BOOLA\\Thryvo\\SourceCode\\thryvo-website\\src\\app\\students\\page.tsx"
2025-06-05T12:02:17.577057Z  INFO scan_sources: tailwindcss_oxide::scanner: Discovering "D:\\BOOLA\\Thryvo\\SourceCode\\thryvo-website\\src\\components"
2025-06-05T12:02:17.577236Z  INFO scan_sources: tailwindcss_oxide::scanner: Discovering "D:\\BOOLA\\Thryvo\\SourceCode\\thryvo-website\\src\\components\\layout"
2025-06-05T12:02:17.577392Z  INFO scan_sources: tailwindcss_oxide::scanner: Discovering "D:\\BOOLA\\Thryvo\\SourceCode\\thryvo-website\\src\\components\\layout\\Footer.tsx"
2025-06-05T12:02:17.577466Z  INFO scan_sources: tailwindcss_oxide::scanner: Discovering "D:\\BOOLA\\Thryvo\\SourceCode\\thryvo-website\\src\\components\\layout\\Header.tsx"
2025-06-05T12:02:17.577595Z  INFO scan_sources: tailwindcss_oxide::scanner: Discovering "D:\\BOOLA\\Thryvo\\SourceCode\\thryvo-website\\src\\components\\ui"
2025-06-05T12:02:17.577733Z  INFO scan_sources: tailwindcss_oxide::scanner: Discovering "D:\\BOOLA\\Thryvo\\SourceCode\\thryvo-website\\src\\components\\ui\\Button.tsx"
2025-06-05T12:02:17.577805Z  INFO scan_sources: tailwindcss_oxide::scanner: Discovering "D:\\BOOLA\\Thryvo\\SourceCode\\thryvo-website\\src\\components\\ui\\Card.tsx"
2025-06-05T12:02:17.577877Z  INFO scan_sources: tailwindcss_oxide::scanner: Discovering "D:\\BOOLA\\Thryvo\\SourceCode\\thryvo-website\\src\\components\\ui\\ContactForm.tsx"
2025-06-05T12:02:17.577949Z  INFO scan_sources: tailwindcss_oxide::scanner: Discovering "D:\\BOOLA\\Thryvo\\SourceCode\\thryvo-website\\src\\components\\ui\\Container.tsx"
2025-06-05T12:02:17.578023Z  INFO scan_sources: tailwindcss_oxide::scanner: Discovering "D:\\BOOLA\\Thryvo\\SourceCode\\thryvo-website\\src\\components\\ui\\OptimizedImage.tsx"
2025-06-05T12:02:17.578164Z  INFO scan_sources: tailwindcss_oxide::scanner: Discovering "D:\\BOOLA\\Thryvo\\SourceCode\\thryvo-website\\src\\data"
2025-06-05T12:02:17.578302Z  INFO scan_sources: tailwindcss_oxide::scanner: Discovering "D:\\BOOLA\\Thryvo\\SourceCode\\thryvo-website\\src\\data\\blogPosts.ts"
2025-06-05T12:02:17.578432Z  INFO scan_sources: tailwindcss_oxide::scanner: Discovering "D:\\BOOLA\\Thryvo\\SourceCode\\thryvo-website\\src\\lib"
2025-06-05T12:02:17.578576Z  INFO scan_sources: tailwindcss_oxide::scanner: Discovering "D:\\BOOLA\\Thryvo\\SourceCode\\thryvo-website\\src\\lib\\schema.ts"
2025-06-05T12:02:17.578648Z  INFO scan_sources: tailwindcss_oxide::scanner: Discovering "D:\\BOOLA\\Thryvo\\SourceCode\\thryvo-website\\src\\lib\\schema.tsx"
2025-06-05T12:02:17.578719Z  INFO scan_sources: tailwindcss_oxide::scanner: Discovering "D:\\BOOLA\\Thryvo\\SourceCode\\thryvo-website\\src\\lib\\utils.ts"
2025-06-05T12:02:17.578820Z  INFO scan_sources: tailwindcss_oxide::scanner: Discovering "D:\\BOOLA\\Thryvo\\SourceCode\\thryvo-website\\tailwind.config.js"
2025-06-05T12:02:17.578903Z  INFO scan_sources: tailwindcss_oxide::scanner: Discovering "D:\\BOOLA\\Thryvo\\SourceCode\\thryvo-website\\tsconfig.json"
2025-06-05T12:02:17.579104Z  INFO scan_sources: tailwindcss_oxide::scanner: exit
2025-06-05T12:02:17.579114Z  INFO extract_candidates: tailwindcss_oxide::scanner: enter
2025-06-05T12:02:17.579123Z  INFO extract_candidates:read_all_files: tailwindcss_oxide::scanner: enter
2025-06-05T12:02:17.579127Z  INFO extract_candidates:read_all_files: tailwindcss_oxide::scanner: Reading 45 file(s)
2025-06-05T12:02:17.579579Z  INFO tailwindcss_oxide::scanner: Reading "D:\\BOOLA\\Thryvo\\SourceCode\\thryvo-website\\src\\app\\faq\\page.tsx"
2025-06-05T12:02:17.579613Z  INFO tailwindcss_oxide::scanner: Reading "D:\\BOOLA\\Thryvo\\SourceCode\\thryvo-website\\src\\components\\layout\\Header.tsx"
2025-06-05T12:02:17.579574Z  INFO tailwindcss_oxide::scanner: Reading "D:\\BOOLA\\Thryvo\\SourceCode\\thryvo-website\\.github\\workflows\\deploy.yml"
2025-06-05T12:02:17.579713Z  INFO tailwindcss_oxide::scanner: Reading "D:\\BOOLA\\Thryvo\\SourceCode\\thryvo-website\\src\\app\\layout.tsx"
2025-06-05T12:02:17.579723Z  INFO tailwindcss_oxide::scanner: Reading "D:\\BOOLA\\Thryvo\\SourceCode\\thryvo-website\\src\\components\\ui\\Button.tsx"
2025-06-05T12:02:17.579760Z  INFO tailwindcss_oxide::scanner: Reading "D:\\BOOLA\\Thryvo\\SourceCode\\thryvo-website\\eslint.config.mjs"
2025-06-05T12:02:17.579761Z  INFO tailwindcss_oxide::scanner: Reading "D:\\BOOLA\\Thryvo\\SourceCode\\thryvo-website\\src\\data\\blogPosts.ts"
2025-06-05T12:02:17.579787Z  INFO tailwindcss_oxide::scanner: Reading "D:\\BOOLA\\Thryvo\\SourceCode\\thryvo-website\\src\\app\\legal\\security\\page.tsx"
2025-06-05T12:02:17.579820Z  INFO tailwindcss_oxide::scanner: Reading "D:\\BOOLA\\Thryvo\\SourceCode\\thryvo-website\\src\\app\\legal\\accessibility\\page.tsx"
2025-06-05T12:02:17.579820Z  INFO tailwindcss_oxide::scanner: Reading "D:\\BOOLA\\Thryvo\\SourceCode\\thryvo-website\\src\\components\\ui\\Card.tsx"
2025-06-05T12:02:17.579872Z  INFO tailwindcss_oxide::scanner: Reading "D:\\BOOLA\\Thryvo\\SourceCode\\thryvo-website\\next.config.ts"
2025-06-05T12:02:17.579873Z  INFO tailwindcss_oxide::scanner: Reading "D:\\BOOLA\\Thryvo\\SourceCode\\thryvo-website\\src\\components\\ui\\ContactForm.tsx"
2025-06-05T12:02:17.579891Z  INFO tailwindcss_oxide::scanner: Reading "D:\\BOOLA\\Thryvo\\SourceCode\\thryvo-website\\src\\lib\\schema.ts"
2025-06-05T12:02:17.579912Z  INFO tailwindcss_oxide::scanner: Reading "D:\\BOOLA\\Thryvo\\SourceCode\\thryvo-website\\src\\app\\legal\\terms-and-conditions\\page.tsx"
2025-06-05T12:02:17.579919Z  INFO tailwindcss_oxide::scanner: Reading "D:\\BOOLA\\Thryvo\\SourceCode\\thryvo-website\\src\\app\\legal\\cookie-policy\\page.tsx"
2025-06-05T12:02:17.579961Z  INFO tailwindcss_oxide::scanner: Reading "D:\\BOOLA\\Thryvo\\SourceCode\\thryvo-website\\tsconfig.json"
2025-06-05T12:02:17.579966Z  INFO tailwindcss_oxide::scanner: Reading "D:\\BOOLA\\Thryvo\\SourceCode\\thryvo-website\\src\\lib\\utils.ts"
2025-06-05T12:02:17.579977Z  INFO tailwindcss_oxide::scanner: Reading "D:\\BOOLA\\Thryvo\\SourceCode\\thryvo-website\\tailwind.config.js"
2025-06-05T12:02:17.580005Z  INFO tailwindcss_oxide::scanner: Reading "D:\\BOOLA\\Thryvo\\SourceCode\\thryvo-website\\package.json"
2025-06-05T12:02:17.580022Z  INFO tailwindcss_oxide::scanner: Reading "D:\\BOOLA\\Thryvo\\SourceCode\\thryvo-website\\src\\app\\page.tsx"
2025-06-05T12:02:17.580028Z  INFO tailwindcss_oxide::scanner: Reading "D:\\BOOLA\\Thryvo\\SourceCode\\thryvo-website\\public\\.nojekyll"
2025-06-05T12:02:17.580072Z  INFO tailwindcss_oxide::scanner: Reading "D:\\BOOLA\\Thryvo\\SourceCode\\thryvo-website\\public\\site.webmanifest"
2025-06-05T12:02:17.580070Z  INFO tailwindcss_oxide::scanner: Reading "D:\\BOOLA\\Thryvo\\SourceCode\\thryvo-website\\src\\components\\ui\\Container.tsx"
2025-06-05T12:02:17.580084Z  INFO tailwindcss_oxide::scanner: Reading "D:\\BOOLA\\Thryvo\\SourceCode\\thryvo-website\\src\\app\\about\\page.tsx"
2025-06-05T12:02:17.580110Z  INFO tailwindcss_oxide::scanner: Reading "D:\\BOOLA\\Thryvo\\SourceCode\\thryvo-website\\src\\app\\page.tsx.new"
2025-06-05T12:02:17.580112Z  INFO tailwindcss_oxide::scanner: Reading "D:\\BOOLA\\Thryvo\\SourceCode\\thryvo-website\\src\\app\\students\\page.tsx"
2025-06-05T12:02:17.580116Z  INFO tailwindcss_oxide::scanner: Reading "D:\\BOOLA\\Thryvo\\SourceCode\\thryvo-website\\src\\lib\\schema.tsx"
2025-06-05T12:02:17.580140Z  INFO tailwindcss_oxide::scanner: Reading "D:\\BOOLA\\Thryvo\\SourceCode\\thryvo-website\\public\\CNAME"
2025-06-05T12:02:17.580151Z  INFO tailwindcss_oxide::scanner: Reading "D:\\BOOLA\\Thryvo\\SourceCode\\thryvo-website\\postcss.config.mjs"
2025-06-05T12:02:17.580155Z  INFO tailwindcss_oxide::scanner: Reading "D:\\BOOLA\\Thryvo\\SourceCode\\thryvo-website\\public\\globe.svg"
2025-06-05T12:02:17.580163Z  INFO tailwindcss_oxide::scanner: Reading "D:\\BOOLA\\Thryvo\\SourceCode\\thryvo-website\\src\\app\\colleges\\page.tsx"
2025-06-05T12:02:17.580196Z  INFO tailwindcss_oxide::scanner: Reading "D:\\BOOLA\\Thryvo\\SourceCode\\thryvo-website\\public\\sitemap.xml"
2025-06-05T12:02:17.580204Z  INFO tailwindcss_oxide::scanner: Reading "D:\\BOOLA\\Thryvo\\SourceCode\\thryvo-website\\src\\app\\blog\\page.tsx"
2025-06-05T12:02:17.580207Z  INFO tailwindcss_oxide::scanner: Reading "D:\\BOOLA\\Thryvo\\SourceCode\\thryvo-website\\public\\vercel.svg"
2025-06-05T12:02:17.580212Z  INFO tailwindcss_oxide::scanner: Reading "D:\\BOOLA\\Thryvo\\SourceCode\\thryvo-website\\src\\components\\ui\\OptimizedImage.tsx"
2025-06-05T12:02:17.580226Z  INFO tailwindcss_oxide::scanner: Reading "D:\\BOOLA\\Thryvo\\SourceCode\\thryvo-website\\public\\next.svg"
2025-06-05T12:02:17.580242Z  INFO tailwindcss_oxide::scanner: Reading "D:\\BOOLA\\Thryvo\\SourceCode\\thryvo-website\\public\\robots.txt"
2025-06-05T12:02:17.580249Z  INFO tailwindcss_oxide::scanner: Reading "D:\\BOOLA\\Thryvo\\SourceCode\\thryvo-website\\public\\file.svg"
2025-06-05T12:02:17.580081Z  INFO tailwindcss_oxide::scanner: Reading "D:\\BOOLA\\Thryvo\\SourceCode\\thryvo-website\\src\\app\\legal\\privacy-policy\\page.tsx"
2025-06-05T12:02:17.580274Z  INFO tailwindcss_oxide::scanner: Reading "D:\\BOOLA\\Thryvo\\SourceCode\\thryvo-website\\src\\app\\contact\\page.tsx"
2025-06-05T12:02:17.580289Z  INFO tailwindcss_oxide::scanner: Reading "D:\\BOOLA\\Thryvo\\SourceCode\\thryvo-website\\src\\app\\employers\\page.tsx"
2025-06-05T12:02:17.580291Z  INFO tailwindcss_oxide::scanner: Reading "D:\\BOOLA\\Thryvo\\SourceCode\\thryvo-website\\public\\window.svg"
2025-06-05T12:02:17.580317Z  INFO tailwindcss_oxide::scanner: Reading "D:\\BOOLA\\Thryvo\\SourceCode\\thryvo-website\\README.md"
2025-06-05T12:02:17.580320Z  INFO tailwindcss_oxide::scanner: Reading "D:\\BOOLA\\Thryvo\\SourceCode\\thryvo-website\\src\\components\\layout\\Footer.tsx"
2025-06-05T12:02:17.580331Z  INFO tailwindcss_oxide::scanner: Reading "D:\\BOOLA\\Thryvo\\SourceCode\\thryvo-website\\src\\app\\blog\\[slug]\\page.tsx"
2025-06-05T12:02:17.580394Z  INFO extract_candidates:read_all_files: tailwindcss_oxide::scanner: exit
2025-06-05T12:02:17.580410Z  INFO extract_candidates:parse_all_blobs: tailwindcss_oxide::scanner: enter
2025-06-05T12:02:17.580418Z  INFO extract_candidates:parse_all_blobs:extract: tailwindcss_oxide::scanner: enter
2025-06-05T12:02:17.581958Z  INFO extract_candidates:parse_all_blobs:extract: tailwindcss_oxide::scanner: exit
2025-06-05T12:02:17.581981Z  INFO extract_candidates:parse_all_blobs: tailwindcss_oxide::scanner: exit
2025-06-05T12:02:17.581989Z  INFO extract_candidates:read_all_files: tailwindcss_oxide::scanner: enter
2025-06-05T12:02:17.581992Z  INFO extract_candidates:read_all_files: tailwindcss_oxide::scanner: Reading 1 file(s)
2025-06-05T12:02:17.582088Z  INFO extract_candidates:read_all_files: tailwindcss_oxide::scanner: Reading "D:\\BOOLA\\Thryvo\\SourceCode\\thryvo-website\\src\\app\\globals.css"
2025-06-05T12:02:17.582097Z  INFO extract_candidates:read_all_files: tailwindcss_oxide::scanner: exit
2025-06-05T12:02:17.582102Z  INFO extract_candidates:extract_css_variables: tailwindcss_oxide::scanner: enter
2025-06-05T12:02:17.582106Z  INFO extract_candidates:extract_css_variables:extract: tailwindcss_oxide::scanner: enter
2025-06-05T12:02:17.582374Z  INFO extract_candidates:extract_css_variables:extract: tailwindcss_oxide::scanner: exit
2025-06-05T12:02:17.582391Z  INFO extract_candidates:extract_css_variables: tailwindcss_oxide::scanner: exit
2025-06-05T12:02:17.582894Z  INFO extract_candidates: tailwindcss_oxide::scanner: exit
2025-06-05T12:02:17.583834Z  INFO get_files: tailwindcss_oxide::scanner: enter
2025-06-05T12:02:17.583844Z  INFO get_files:scan_sources: tailwindcss_oxide::scanner: enter
2025-06-05T12:02:17.585058Z  INFO get_files:scan_sources: tailwindcss_oxide::scanner: Discovering "D:\\BOOLA\\Thryvo\\SourceCode\\thryvo-website\\.github"
2025-06-05T12:02:17.585252Z  INFO get_files:scan_sources: tailwindcss_oxide::scanner: Discovering "D:\\BOOLA\\Thryvo\\SourceCode\\thryvo-website\\.github\\workflows"
2025-06-05T12:02:17.586008Z  INFO get_files:scan_sources: tailwindcss_oxide::scanner: Discovering "D:\\BOOLA\\Thryvo\\SourceCode\\thryvo-website\\public"
2025-06-05T12:02:17.586655Z  INFO get_files:scan_sources: tailwindcss_oxide::scanner: Discovering "D:\\BOOLA\\Thryvo\\SourceCode\\thryvo-website\\src"
2025-06-05T12:02:17.586841Z  INFO get_files:scan_sources: tailwindcss_oxide::scanner: Discovering "D:\\BOOLA\\Thryvo\\SourceCode\\thryvo-website\\src\\app"
2025-06-05T12:02:17.587027Z  INFO get_files:scan_sources: tailwindcss_oxide::scanner: Discovering "D:\\BOOLA\\Thryvo\\SourceCode\\thryvo-website\\src\\app\\about"
2025-06-05T12:02:17.587267Z  INFO get_files:scan_sources: tailwindcss_oxide::scanner: Discovering "D:\\BOOLA\\Thryvo\\SourceCode\\thryvo-website\\src\\app\\blog"
2025-06-05T12:02:17.587494Z  INFO get_files:scan_sources: tailwindcss_oxide::scanner: Discovering "D:\\BOOLA\\Thryvo\\SourceCode\\thryvo-website\\src\\app\\blog\\[slug]"
2025-06-05T12:02:17.587747Z  INFO get_files:scan_sources: tailwindcss_oxide::scanner: Discovering "D:\\BOOLA\\Thryvo\\SourceCode\\thryvo-website\\src\\app\\colleges"
2025-06-05T12:02:17.587981Z  INFO get_files:scan_sources: tailwindcss_oxide::scanner: Discovering "D:\\BOOLA\\Thryvo\\SourceCode\\thryvo-website\\src\\app\\contact"
2025-06-05T12:02:17.588243Z  INFO get_files:scan_sources: tailwindcss_oxide::scanner: Discovering "D:\\BOOLA\\Thryvo\\SourceCode\\thryvo-website\\src\\app\\employers"
2025-06-05T12:02:17.588480Z  INFO get_files:scan_sources: tailwindcss_oxide::scanner: Discovering "D:\\BOOLA\\Thryvo\\SourceCode\\thryvo-website\\src\\app\\faq"
2025-06-05T12:02:17.588803Z  INFO get_files:scan_sources: tailwindcss_oxide::scanner: Discovering "D:\\BOOLA\\Thryvo\\SourceCode\\thryvo-website\\src\\app\\legal"
2025-06-05T12:02:17.588987Z  INFO get_files:scan_sources: tailwindcss_oxide::scanner: Discovering "D:\\BOOLA\\Thryvo\\SourceCode\\thryvo-website\\src\\app\\legal\\accessibility"
2025-06-05T12:02:17.589250Z  INFO get_files:scan_sources: tailwindcss_oxide::scanner: Discovering "D:\\BOOLA\\Thryvo\\SourceCode\\thryvo-website\\src\\app\\legal\\cookie-policy"
2025-06-05T12:02:17.589488Z  INFO get_files:scan_sources: tailwindcss_oxide::scanner: Discovering "D:\\BOOLA\\Thryvo\\SourceCode\\thryvo-website\\src\\app\\legal\\privacy-policy"
2025-06-05T12:02:17.589721Z  INFO get_files:scan_sources: tailwindcss_oxide::scanner: Discovering "D:\\BOOLA\\Thryvo\\SourceCode\\thryvo-website\\src\\app\\legal\\security"
2025-06-05T12:02:17.589972Z  INFO get_files:scan_sources: tailwindcss_oxide::scanner: Discovering "D:\\BOOLA\\Thryvo\\SourceCode\\thryvo-website\\src\\app\\legal\\terms-and-conditions"
2025-06-05T12:02:17.590300Z  INFO get_files:scan_sources: tailwindcss_oxide::scanner: Discovering "D:\\BOOLA\\Thryvo\\SourceCode\\thryvo-website\\src\\app\\students"
2025-06-05T12:02:17.590551Z  INFO get_files:scan_sources: tailwindcss_oxide::scanner: Discovering "D:\\BOOLA\\Thryvo\\SourceCode\\thryvo-website\\src\\components"
2025-06-05T12:02:17.590730Z  INFO get_files:scan_sources: tailwindcss_oxide::scanner: Discovering "D:\\BOOLA\\Thryvo\\SourceCode\\thryvo-website\\src\\components\\layout"
2025-06-05T12:02:17.591003Z  INFO get_files:scan_sources: tailwindcss_oxide::scanner: Discovering "D:\\BOOLA\\Thryvo\\SourceCode\\thryvo-website\\src\\components\\ui"
2025-06-05T12:02:17.591400Z  INFO get_files:scan_sources: tailwindcss_oxide::scanner: Discovering "D:\\BOOLA\\Thryvo\\SourceCode\\thryvo-website\\src\\data"
2025-06-05T12:02:17.591635Z  INFO get_files:scan_sources: tailwindcss_oxide::scanner: Discovering "D:\\BOOLA\\Thryvo\\SourceCode\\thryvo-website\\src\\lib"
2025-06-05T12:02:17.592026Z  INFO get_files:scan_sources: tailwindcss_oxide::scanner: exit
2025-06-05T12:02:17.592145Z  INFO get_files: tailwindcss_oxide::scanner: exit
2025-06-05T12:02:17.592283Z  INFO get_globs: tailwindcss_oxide::scanner: enter
2025-06-05T12:02:17.592295Z  INFO get_globs:scan_sources: tailwindcss_oxide::scanner: enter
2025-06-05T12:02:17.593504Z  INFO get_globs:scan_sources: tailwindcss_oxide::scanner: Discovering "D:\\BOOLA\\Thryvo\\SourceCode\\thryvo-website\\.github"
2025-06-05T12:02:17.593697Z  INFO get_globs:scan_sources: tailwindcss_oxide::scanner: Discovering "D:\\BOOLA\\Thryvo\\SourceCode\\thryvo-website\\.github\\workflows"
2025-06-05T12:02:17.594471Z  INFO get_globs:scan_sources: tailwindcss_oxide::scanner: Discovering "D:\\BOOLA\\Thryvo\\SourceCode\\thryvo-website\\public"
2025-06-05T12:02:17.595096Z  INFO get_globs:scan_sources: tailwindcss_oxide::scanner: Discovering "D:\\BOOLA\\Thryvo\\SourceCode\\thryvo-website\\src"
2025-06-05T12:02:17.595280Z  INFO get_globs:scan_sources: tailwindcss_oxide::scanner: Discovering "D:\\BOOLA\\Thryvo\\SourceCode\\thryvo-website\\src\\app"
2025-06-05T12:02:17.595464Z  INFO get_globs:scan_sources: tailwindcss_oxide::scanner: Discovering "D:\\BOOLA\\Thryvo\\SourceCode\\thryvo-website\\src\\app\\about"
2025-06-05T12:02:17.595701Z  INFO get_globs:scan_sources: tailwindcss_oxide::scanner: Discovering "D:\\BOOLA\\Thryvo\\SourceCode\\thryvo-website\\src\\app\\blog"
2025-06-05T12:02:17.595928Z  INFO get_globs:scan_sources: tailwindcss_oxide::scanner: Discovering "D:\\BOOLA\\Thryvo\\SourceCode\\thryvo-website\\src\\app\\blog\\[slug]"
2025-06-05T12:02:17.596191Z  INFO get_globs:scan_sources: tailwindcss_oxide::scanner: Discovering "D:\\BOOLA\\Thryvo\\SourceCode\\thryvo-website\\src\\app\\colleges"
2025-06-05T12:02:17.596429Z  INFO get_globs:scan_sources: tailwindcss_oxide::scanner: Discovering "D:\\BOOLA\\Thryvo\\SourceCode\\thryvo-website\\src\\app\\contact"
2025-06-05T12:02:17.596717Z  INFO get_globs:scan_sources: tailwindcss_oxide::scanner: Discovering "D:\\BOOLA\\Thryvo\\SourceCode\\thryvo-website\\src\\app\\employers"
2025-06-05T12:02:17.597071Z  INFO get_globs:scan_sources: tailwindcss_oxide::scanner: Discovering "D:\\BOOLA\\Thryvo\\SourceCode\\thryvo-website\\src\\app\\faq"
2025-06-05T12:02:17.597414Z  INFO get_globs:scan_sources: tailwindcss_oxide::scanner: Discovering "D:\\BOOLA\\Thryvo\\SourceCode\\thryvo-website\\src\\app\\legal"
2025-06-05T12:02:17.597601Z  INFO get_globs:scan_sources: tailwindcss_oxide::scanner: Discovering "D:\\BOOLA\\Thryvo\\SourceCode\\thryvo-website\\src\\app\\legal\\accessibility"
2025-06-05T12:02:17.597848Z  INFO get_globs:scan_sources: tailwindcss_oxide::scanner: Discovering "D:\\BOOLA\\Thryvo\\SourceCode\\thryvo-website\\src\\app\\legal\\cookie-policy"
2025-06-05T12:02:17.598093Z  INFO get_globs:scan_sources: tailwindcss_oxide::scanner: Discovering "D:\\BOOLA\\Thryvo\\SourceCode\\thryvo-website\\src\\app\\legal\\privacy-policy"
2025-06-05T12:02:17.598331Z  INFO get_globs:scan_sources: tailwindcss_oxide::scanner: Discovering "D:\\BOOLA\\Thryvo\\SourceCode\\thryvo-website\\src\\app\\legal\\security"
2025-06-05T12:02:17.598567Z  INFO get_globs:scan_sources: tailwindcss_oxide::scanner: Discovering "D:\\BOOLA\\Thryvo\\SourceCode\\thryvo-website\\src\\app\\legal\\terms-and-conditions"
2025-06-05T12:02:17.598892Z  INFO get_globs:scan_sources: tailwindcss_oxide::scanner: Discovering "D:\\BOOLA\\Thryvo\\SourceCode\\thryvo-website\\src\\app\\students"
2025-06-05T12:02:17.599145Z  INFO get_globs:scan_sources: tailwindcss_oxide::scanner: Discovering "D:\\BOOLA\\Thryvo\\SourceCode\\thryvo-website\\src\\components"
2025-06-05T12:02:17.599325Z  INFO get_globs:scan_sources: tailwindcss_oxide::scanner: Discovering "D:\\BOOLA\\Thryvo\\SourceCode\\thryvo-website\\src\\components\\layout"
2025-06-05T12:02:17.599598Z  INFO get_globs:scan_sources: tailwindcss_oxide::scanner: Discovering "D:\\BOOLA\\Thryvo\\SourceCode\\thryvo-website\\src\\components\\ui"
2025-06-05T12:02:17.599998Z  INFO get_globs:scan_sources: tailwindcss_oxide::scanner: Discovering "D:\\BOOLA\\Thryvo\\SourceCode\\thryvo-website\\src\\data"
2025-06-05T12:02:17.600243Z  INFO get_globs:scan_sources: tailwindcss_oxide::scanner: Discovering "D:\\BOOLA\\Thryvo\\SourceCode\\thryvo-website\\src\\lib"
2025-06-05T12:02:17.600636Z  INFO get_globs:scan_sources: tailwindcss_oxide::scanner: exit
2025-06-05T12:02:17.605590Z  INFO get_globs: tailwindcss_oxide::scanner: exit
